{"D:\\TUT\\Smart-Campus-Services-Portal-main\\Smart-Campus-Services-Portal\\client\\src\\App.tsx": {"path":"D:\\TUT\\Smart-Campus-Services-Portal-main\\Smart-Campus-Services-Portal\\client\\src\\App.tsx","statementMap":{"0":{"start":{"line":2,"column":0},"end":{"line":2,"column":50}},"1":{"start":{"line":3,"column":0},"end":{"line":3,"column":59}},"2":{"start":{"line":4,"column":0},"end":{"line":4,"column":58}},"3":{"start":{"line":5,"column":0},"end":{"line":5,"column":73}},"4":{"start":{"line":6,"column":0},"end":{"line":6,"column":64}},"5":{"start":{"line":7,"column":0},"end":{"line":7,"column":42}},"6":{"start":{"line":8,"column":0},"end":{"line":8,"column":36}},"7":{"start":{"line":9,"column":0},"end":{"line":9,"column":40}},"8":{"start":{"line":10,"column":0},"end":{"line":10,"column":42}},"9":{"start":{"line":11,"column":0},"end":{"line":11,"column":38}},"10":{"start":{"line":12,"column":0},"end":{"line":12,"column":40}},"11":{"start":{"line":13,"column":0},"end":{"line":13,"column":40}},"12":{"start":{"line":15,"column":20},"end":{"line":15,"column":37}},"13":{"start":{"line":17,"column":12},"end":{"line":35,"column":null}},"14":{"start":{"line":18,"column":2},"end":{"line":34,"column":null}},"15":{"start":{"line":38,"column":0},"end":{"line":38,"column":19}}},"fnMap":{"0":{"name":"(anonymous_1)","decl":{"start":{"line":17,"column":12},"end":{"line":17,"column":15}},"loc":{"start":{"line":18,"column":2},"end":{"line":34,"column":null}}}},"branchMap":{},"s":{"0":1,"1":1,"2":1,"3":1,"4":1,"5":1,"6":1,"7":1,"8":1,"9":1,"10":1,"11":1,"12":1,"13":1,"14":5,"15":1},"f":{"0":5},"b":{}}
,"D:\\TUT\\Smart-Campus-Services-Portal-main\\Smart-Campus-Services-Portal\\client\\src\\components\\DashboardOverview.tsx": {"path":"D:\\TUT\\Smart-Campus-Services-Portal-main\\Smart-Campus-Services-Portal\\client\\src\\components\\DashboardOverview.tsx","statementMap":{"0":{"start":{"line":5,"column":0},"end":{"line":5,"column":16}},"1":{"start":{"line":2,"column":0},"end":{"line":2,"column":80}},"2":{"start":{"line":3,"column":0},"end":{"line":3,"column":67}},"3":{"start":{"line":6,"column":2},"end":{"line":39,"column":4}}},"fnMap":{"0":{"name":"DashboardOverview","decl":{"start":{"line":5,"column":16},"end":{"line":5,"column":33}},"loc":{"start":{"line":5,"column":33},"end":{"line":40,"column":1}}}},"branchMap":{},"s":{"0":1,"1":1,"2":1,"3":4},"f":{"0":4},"b":{}}
,"D:\\TUT\\Smart-Campus-Services-Portal-main\\Smart-Campus-Services-Portal\\client\\src\\components\\Header.tsx": {"path":"D:\\TUT\\Smart-Campus-Services-Portal-main\\Smart-Campus-Services-Portal\\client\\src\\components\\Header.tsx","statementMap":{"0":{"start":{"line":20,"column":0},"end":{"line":20,"column":16}},"1":{"start":{"line":2,"column":0},"end":{"line":2,"column":36}},"2":{"start":{"line":3,"column":0},"end":{"line":3,"column":77}},"3":{"start":{"line":4,"column":0},"end":{"line":4,"column":48}},"4":{"start":{"line":5,"column":0},"end":{"line":5,"column":null}},"5":{"start":{"line":13,"column":0},"end":{"line":13,"column":36}},"6":{"start":{"line":14,"column":0},"end":{"line":14,"column":53}},"7":{"start":{"line":15,"column":0},"end":{"line":15,"column":33}},"8":{"start":{"line":16,"column":0},"end":{"line":16,"column":188}},"9":{"start":{"line":17,"column":0},"end":{"line":17,"column":82}},"10":{"start":{"line":18,"column":0},"end":{"line":18,"column":45}},"11":{"start":{"line":21,"column":20},"end":{"line":21,"column":30}},"12":{"start":{"line":22,"column":19},"end":{"line":22,"column":32}},"13":{"start":{"line":24,"column":34},"end":{"line":29,"column":3}},"14":{"start":{"line":25,"column":4},"end":{"line":28,"column":7}},"15":{"start":{"line":31,"column":24},"end":{"line":38,"column":3}},"16":{"start":{"line":32,"column":4},"end":{"line":35,"column":7}},"17":{"start":{"line":37,"column":4},"end":{"line":37,"column":42}},"18":{"start":{"line":37,"column":21},"end":{"line":37,"column":34}},"19":{"start":{"line":40,"column":2},"end":{"line":136,"column":4}}},"fnMap":{"0":{"name":"Header","decl":{"start":{"line":20,"column":16},"end":{"line":20,"column":22}},"loc":{"start":{"line":20,"column":22},"end":{"line":137,"column":1}}},"1":{"name":"(anonymous_1)","decl":{"start":{"line":24,"column":34},"end":{"line":24,"column":37}},"loc":{"start":{"line":24,"column":39},"end":{"line":29,"column":3}}},"2":{"name":"(anonymous_2)","decl":{"start":{"line":31,"column":24},"end":{"line":31,"column":27}},"loc":{"start":{"line":31,"column":29},"end":{"line":38,"column":3}}},"3":{"name":"(anonymous_3)","decl":{"start":{"line":37,"column":15},"end":{"line":37,"column":18}},"loc":{"start":{"line":37,"column":21},"end":{"line":37,"column":34}}}},"branchMap":{"0":{"loc":{"start":{"line":50,"column":18},"end":{"line":50,"column":71}},"type":"cond-expr","locations":[{"start":{"line":50,"column":53},"end":{"line":50,"column":66}},{"start":{"line":50,"column":69},"end":{"line":50,"column":71}}]},"1":{"loc":{"start":{"line":62,"column":18},"end":{"line":62,"column":77}},"type":"cond-expr","locations":[{"start":{"line":62,"column":59},"end":{"line":62,"column":72}},{"start":{"line":62,"column":75},"end":{"line":62,"column":77}}]},"2":{"loc":{"start":{"line":74,"column":18},"end":{"line":74,"column":79}},"type":"cond-expr","locations":[{"start":{"line":74,"column":61},"end":{"line":74,"column":74}},{"start":{"line":74,"column":77},"end":{"line":74,"column":79}}]},"3":{"loc":{"start":{"line":86,"column":18},"end":{"line":86,"column":80}},"type":"cond-expr","locations":[{"start":{"line":86,"column":62},"end":{"line":86,"column":75}},{"start":{"line":86,"column":78},"end":{"line":86,"column":80}}]}},"s":{"0":1,"1":1,"2":1,"3":1,"4":1,"5":1,"6":1,"7":1,"8":1,"9":1,"10":1,"11":6,"12":5,"13":5,"14":0,"15":5,"16":0,"17":0,"18":0,"19":5},"f":{"0":6,"1":0,"2":0,"3":0},"b":{"0":[4,1],"1":[1,4],"2":[0,5],"3":[0,5]}}
,"D:\\TUT\\Smart-Campus-Services-Portal-main\\Smart-Campus-Services-Portal\\client\\src\\components\\Navigation.tsx": {"path":"D:\\TUT\\Smart-Campus-Services-Portal-main\\Smart-Campus-Services-Portal\\client\\src\\components\\Navigation.tsx","statementMap":{"0":{"start":{"line":22,"column":0},"end":{"line":22,"column":16}},"1":{"start":{"line":2,"column":0},"end":{"line":2,"column":90}},"2":{"start":{"line":3,"column":0},"end":{"line":3,"column":40}},"3":{"start":{"line":4,"column":0},"end":{"line":4,"column":33}},"4":{"start":{"line":5,"column":0},"end":{"line":5,"column":36}},"5":{"start":{"line":13,"column":28},"end":{"line":20,"column":2}},"6":{"start":{"line":23,"column":2},"end":{"line":58,"column":4}},"7":{"start":{"line":31,"column":25},"end":{"line":31,"column":34}},"8":{"start":{"line":32,"column":12},"end":{"line":47,"column":14}}},"fnMap":{"0":{"name":"Navigation","decl":{"start":{"line":22,"column":16},"end":{"line":22,"column":26}},"loc":{"start":{"line":22,"column":26},"end":{"line":59,"column":1}}},"1":{"name":"(anonymous_1)","decl":{"start":{"line":30,"column":24},"end":{"line":30,"column":25}},"loc":{"start":{"line":30,"column":33},"end":{"line":48,"column":11}}}},"branchMap":{"0":{"loc":{"start":{"line":38,"column":20},"end":{"line":40,"column":49}},"type":"cond-expr","locations":[{"start":{"line":39,"column":24},"end":{"line":39,"column":86}},{"start":{"line":40,"column":24},"end":{"line":40,"column":49}}]}},"s":{"0":1,"1":1,"2":1,"3":1,"4":1,"5":1,"6":1,"7":6,"8":6},"f":{"0":1,"1":6},"b":{"0":[1,5]}}
,"D:\\TUT\\Smart-Campus-Services-Portal-main\\Smart-Campus-Services-Portal\\client\\src\\components\\QuickActions.tsx": {"path":"D:\\TUT\\Smart-Campus-Services-Portal-main\\Smart-Campus-Services-Portal\\client\\src\\components\\QuickActions.tsx","statementMap":{"0":{"start":{"line":8,"column":0},"end":{"line":8,"column":16}},"1":{"start":{"line":2,"column":0},"end":{"line":2,"column":48}},"2":{"start":{"line":3,"column":0},"end":{"line":3,"column":80}},"3":{"start":{"line":4,"column":0},"end":{"line":4,"column":64}},"4":{"start":{"line":5,"column":0},"end":{"line":5,"column":47}},"5":{"start":{"line":6,"column":0},"end":{"line":6,"column":45}},"6":{"start":{"line":9,"column":19},"end":{"line":9,"column":32}},"7":{"start":{"line":10,"column":20},"end":{"line":10,"column":30}},"8":{"start":{"line":12,"column":29},"end":{"line":18,"column":3}},"9":{"start":{"line":13,"column":4},"end":{"line":13,"column":26}},"10":{"start":{"line":14,"column":4},"end":{"line":17,"column":7}},"11":{"start":{"line":20,"column":33},"end":{"line":26,"column":3}},"12":{"start":{"line":21,"column":4},"end":{"line":21,"column":27}},"13":{"start":{"line":22,"column":4},"end":{"line":25,"column":7}},"14":{"start":{"line":28,"column":32},"end":{"line":34,"column":3}},"15":{"start":{"line":29,"column":4},"end":{"line":29,"column":27}},"16":{"start":{"line":30,"column":4},"end":{"line":33,"column":7}},"17":{"start":{"line":36,"column":30},"end":{"line":42,"column":3}},"18":{"start":{"line":37,"column":4},"end":{"line":37,"column":25}},"19":{"start":{"line":38,"column":4},"end":{"line":41,"column":7}},"20":{"start":{"line":44,"column":2},"end":{"line":86,"column":4}}},"fnMap":{"0":{"name":"QuickActions","decl":{"start":{"line":8,"column":16},"end":{"line":8,"column":28}},"loc":{"start":{"line":8,"column":28},"end":{"line":87,"column":1}}},"1":{"name":"(anonymous_1)","decl":{"start":{"line":12,"column":29},"end":{"line":12,"column":32}},"loc":{"start":{"line":12,"column":34},"end":{"line":18,"column":3}}},"2":{"name":"(anonymous_2)","decl":{"start":{"line":20,"column":33},"end":{"line":20,"column":36}},"loc":{"start":{"line":20,"column":38},"end":{"line":26,"column":3}}},"3":{"name":"(anonymous_3)","decl":{"start":{"line":28,"column":32},"end":{"line":28,"column":35}},"loc":{"start":{"line":28,"column":37},"end":{"line":34,"column":3}}},"4":{"name":"(anonymous_4)","decl":{"start":{"line":36,"column":30},"end":{"line":36,"column":33}},"loc":{"start":{"line":36,"column":35},"end":{"line":42,"column":3}}}},"branchMap":{},"s":{"0":1,"1":1,"2":1,"3":1,"4":1,"5":1,"6":4,"7":4,"8":4,"9":0,"10":0,"11":4,"12":0,"13":0,"14":4,"15":0,"16":0,"17":4,"18":0,"19":0,"20":4},"f":{"0":4,"1":0,"2":0,"3":0,"4":0},"b":{}}
,"D:\\TUT\\Smart-Campus-Services-Portal-main\\Smart-Campus-Services-Portal\\client\\src\\components\\RecentNotifications.tsx": {"path":"D:\\TUT\\Smart-Campus-Services-Portal-main\\Smart-Campus-Services-Portal\\client\\src\\components\\RecentNotifications.tsx","statementMap":{"0":{"start":{"line":43,"column":0},"end":{"line":43,"column":16}},"1":{"start":{"line":2,"column":0},"end":{"line":2,"column":80}},"2":{"start":{"line":3,"column":0},"end":{"line":3,"column":45}},"3":{"start":{"line":4,"column":0},"end":{"line":4,"column":33}},"4":{"start":{"line":5,"column":0},"end":{"line":5,"column":47}},"5":{"start":{"line":16,"column":38},"end":{"line":41,"column":2}},"6":{"start":{"line":44,"column":20},"end":{"line":44,"column":30}},"7":{"start":{"line":45,"column":30},"end":{"line":45,"column":69}},"8":{"start":{"line":46,"column":19},"end":{"line":46,"column":32}},"9":{"start":{"line":48,"column":34},"end":{"line":68,"column":3}},"10":{"start":{"line":50,"column":4},"end":{"line":56,"column":5}},"11":{"start":{"line":51,"column":6},"end":{"line":55,"column":8}},"12":{"start":{"line":52,"column":8},"end":{"line":53,"column":null}},"13":{"start":{"line":53,"column":10},"end":{"line":53,"column":63}},"14":{"start":{"line":59,"column":4},"end":{"line":61,"column":5}},"15":{"start":{"line":60,"column":6},"end":{"line":60,"column":34}},"16":{"start":{"line":64,"column":4},"end":{"line":67,"column":7}},"17":{"start":{"line":70,"column":2},"end":{"line":96,"column":4}},"18":{"start":{"line":78,"column":12},"end":{"line":79,"column":null}},"19":{"start":{"line":81,"column":29},"end":{"line":81,"column":66}}},"fnMap":{"0":{"name":"RecentNotifications","decl":{"start":{"line":43,"column":16},"end":{"line":43,"column":35}},"loc":{"start":{"line":43,"column":35},"end":{"line":97,"column":1}}},"1":{"name":"(anonymous_1)","decl":{"start":{"line":48,"column":34},"end":{"line":48,"column":35}},"loc":{"start":{"line":48,"column":65},"end":{"line":68,"column":3}}},"2":{"name":"(anonymous_2)","decl":{"start":{"line":51,"column":16},"end":{"line":51,"column":26}},"loc":{"start":{"line":52,"column":8},"end":{"line":53,"column":null}}},"3":{"name":"(anonymous_3)","decl":{"start":{"line":52,"column":23},"end":{"line":52,"column":24}},"loc":{"start":{"line":53,"column":10},"end":{"line":53,"column":63}}},"4":{"name":"(anonymous_4)","decl":{"start":{"line":77,"column":22},"end":{"line":77,"column":23}},"loc":{"start":{"line":78,"column":12},"end":{"line":79,"column":null}}},"5":{"name":"(anonymous_5)","decl":{"start":{"line":81,"column":23},"end":{"line":81,"column":26}},"loc":{"start":{"line":81,"column":29},"end":{"line":81,"column":66}}}},"branchMap":{"0":{"loc":{"start":{"line":50,"column":4},"end":{"line":56,"column":5}},"type":"if","locations":[{"start":{"line":50,"column":4},"end":{"line":56,"column":5}}]},"1":{"loc":{"start":{"line":53,"column":10},"end":{"line":53,"column":63}},"type":"cond-expr","locations":[{"start":{"line":53,"column":36},"end":{"line":53,"column":60}},{"start":{"line":53,"column":62},"end":{"line":53,"column":63}}]},"2":{"loc":{"start":{"line":59,"column":4},"end":{"line":61,"column":5}},"type":"if","locations":[{"start":{"line":59,"column":4},"end":{"line":61,"column":5}}]},"3":{"loc":{"start":{"line":83,"column":15},"end":{"line":84,"column":null}},"type":"binary-expr","locations":[{"start":{"line":83,"column":15},"end":{"line":83,"column":33}},{"start":{"line":84,"column":16},"end":{"line":84,"column":91}}]}},"s":{"0":1,"1":1,"2":1,"3":1,"4":1,"5":1,"6":4,"7":4,"8":4,"9":4,"10":0,"11":0,"12":0,"13":0,"14":0,"15":0,"16":0,"17":4,"18":12,"19":0},"f":{"0":4,"1":0,"2":0,"3":0,"4":12,"5":0},"b":{"0":[0],"1":[0,0],"2":[0],"3":[12,8]}}
,"D:\\TUT\\Smart-Campus-Services-Portal-main\\Smart-Campus-Services-Portal\\client\\src\\components\\StudentStats.tsx": {"path":"D:\\TUT\\Smart-Campus-Services-Portal-main\\Smart-Campus-Services-Portal\\client\\src\\components\\StudentStats.tsx","statementMap":{"0":{"start":{"line":36,"column":0},"end":{"line":36,"column":16}},"1":{"start":{"line":2,"column":0},"end":{"line":2,"column":97}},"2":{"start":{"line":3,"column":0},"end":{"line":3,"column":146}},"3":{"start":{"line":4,"column":0},"end":{"line":4,"column":null}},"4":{"start":{"line":11,"column":26},"end":{"line":17,"column":2}},"5":{"start":{"line":19,"column":23},"end":{"line":26,"column":2}},"6":{"start":{"line":28,"column":25},"end":{"line":34,"column":2}},"7":{"start":{"line":37,"column":17},"end":{"line":37,"column":72}},"8":{"start":{"line":39,"column":2},"end":{"line":177,"column":4}},"9":{"start":{"line":70,"column":36},"end":{"line":70,"column":46}},"10":{"start":{"line":73,"column":20},"end":{"line":73,"column":48}}},"fnMap":{"0":{"name":"StudentStats","decl":{"start":{"line":36,"column":16},"end":{"line":36,"column":28}},"loc":{"start":{"line":36,"column":28},"end":{"line":178,"column":1}}},"1":{"name":"(anonymous_1)","decl":{"start":{"line":70,"column":25},"end":{"line":70,"column":26}},"loc":{"start":{"line":70,"column":36},"end":{"line":70,"column":46}}},"2":{"name":"(anonymous_2)","decl":{"start":{"line":72,"column":41},"end":{"line":72,"column":42}},"loc":{"start":{"line":73,"column":20},"end":{"line":73,"column":48}}}},"branchMap":{},"s":{"0":1,"1":1,"2":1,"3":1,"4":1,"5":1,"6":1,"7":4,"8":4,"9":0,"10":20},"f":{"0":4,"1":0,"2":20},"b":{}}
,"D:\\TUT\\Smart-Campus-Services-Portal-main\\Smart-Campus-Services-Portal\\client\\src\\components\\TutLogo.tsx": {"path":"D:\\TUT\\Smart-Campus-Services-Portal-main\\Smart-Campus-Services-Portal\\client\\src\\components\\TutLogo.tsx","statementMap":{"0":{"start":{"line":4,"column":0},"end":{"line":4,"column":16}},"1":{"start":{"line":5,"column":2},"end":{"line":12,"column":4}}},"fnMap":{"0":{"name":"TutLogo","decl":{"start":{"line":4,"column":16},"end":{"line":4,"column":23}},"loc":{"start":{"line":4,"column":61},"end":{"line":13,"column":1}}}},"branchMap":{},"s":{"0":1,"1":6},"f":{"0":6},"b":{}}
,"D:\\TUT\\Smart-Campus-Services-Portal-main\\Smart-Campus-Services-Portal\\client\\src\\components\\ui\\avatar.tsx": {"path":"D:\\TUT\\Smart-Campus-Services-Portal-main\\Smart-Campus-Services-Portal\\client\\src\\components\\ui\\avatar.tsx","statementMap":{"0":{"start":{"line":1,"column":0},"end":{"line":1,"column":30}},"1":{"start":{"line":2,"column":0},"end":{"line":2,"column":57}},"2":{"start":{"line":4,"column":0},"end":{"line":4,"column":32}},"3":{"start":{"line":6,"column":15},"end":{"line":18,"column":2}},"4":{"start":{"line":9,"column":14},"end":{"line":9,"column":19}},"5":{"start":{"line":9,"column":24},"end":{"line":9,"column":28}},"6":{"start":{"line":9,"column":36},"end":{"line":18,"column":2}},"7":{"start":{"line":48,"column":9},"end":{"line":48,"column":15}},"8":{"start":{"line":19,"column":0},"end":{"line":19,"column":null}},"9":{"start":{"line":21,"column":20},"end":{"line":30,"column":2}},"10":{"start":{"line":24,"column":14},"end":{"line":24,"column":19}},"11":{"start":{"line":24,"column":24},"end":{"line":24,"column":28}},"12":{"start":{"line":24,"column":36},"end":{"line":30,"column":2}},"13":{"start":{"line":48,"column":17},"end":{"line":48,"column":28}},"14":{"start":{"line":31,"column":0},"end":{"line":31,"column":null}},"15":{"start":{"line":33,"column":23},"end":{"line":45,"column":2}},"16":{"start":{"line":36,"column":14},"end":{"line":36,"column":19}},"17":{"start":{"line":36,"column":24},"end":{"line":36,"column":28}},"18":{"start":{"line":36,"column":36},"end":{"line":45,"column":2}},"19":{"start":{"line":48,"column":30},"end":{"line":48,"column":44}},"20":{"start":{"line":46,"column":0},"end":{"line":46,"column":null}}},"fnMap":{"0":{"name":"(anonymous_7)","decl":{"start":{"line":9,"column":2},"end":{"line":9,"column":3}},"loc":{"start":{"line":9,"column":35},"end":{"line":18,"column":2}}},"1":{"name":"(anonymous_8)","decl":{"start":{"line":24,"column":2},"end":{"line":24,"column":3}},"loc":{"start":{"line":24,"column":35},"end":{"line":30,"column":2}}},"2":{"name":"(anonymous_9)","decl":{"start":{"line":36,"column":2},"end":{"line":36,"column":3}},"loc":{"start":{"line":36,"column":35},"end":{"line":45,"column":2}}}},"branchMap":{},"s":{"0":1,"1":1,"2":1,"3":1,"4":5,"5":5,"6":5,"7":1,"8":1,"9":1,"10":5,"11":5,"12":5,"13":1,"14":1,"15":1,"16":5,"17":5,"18":5,"19":1,"20":1},"f":{"0":5,"1":5,"2":5},"b":{}}
,"D:\\TUT\\Smart-Campus-Services-Portal-main\\Smart-Campus-Services-Portal\\client\\src\\components\\ui\\button.tsx": {"path":"D:\\TUT\\Smart-Campus-Services-Portal-main\\Smart-Campus-Services-Portal\\client\\src\\components\\ui\\button.tsx","statementMap":{"0":{"start":{"line":1,"column":0},"end":{"line":1,"column":30}},"1":{"start":{"line":2,"column":0},"end":{"line":2,"column":43}},"2":{"start":{"line":3,"column":0},"end":{"line":3,"column":65}},"3":{"start":{"line":5,"column":0},"end":{"line":5,"column":32}},"4":{"start":{"line":7,"column":23},"end":{"line":33,"column":null}},"5":{"start":{"line":56,"column":17},"end":{"line":56,"column":31}},"6":{"start":{"line":42,"column":15},"end":{"line":52,"column":null}},"7":{"start":{"line":43,"column":46},"end":{"line":43,"column":51}},"8":{"start":{"line":43,"column":56},"end":{"line":43,"column":60}},"9":{"start":{"line":44,"column":17},"end":{"line":44,"column":42}},"10":{"start":{"line":45,"column":4},"end":{"line":51,"column":null}},"11":{"start":{"line":56,"column":9},"end":{"line":56,"column":15}},"12":{"start":{"line":54,"column":0},"end":{"line":54,"column":null}}},"fnMap":{"0":{"name":"(anonymous_7)","decl":{"start":{"line":43,"column":2},"end":{"line":43,"column":3}},"loc":{"start":{"line":43,"column":67},"end":{"line":52,"column":3}}}},"branchMap":{"0":{"loc":{"start":{"line":43,"column":31},"end":{"line":43,"column":46}},"type":"default-arg","locations":[{"start":{"line":43,"column":41},"end":{"line":43,"column":46}}]},"1":{"loc":{"start":{"line":44,"column":17},"end":{"line":44,"column":42}},"type":"cond-expr","locations":[{"start":{"line":44,"column":27},"end":{"line":44,"column":31}},{"start":{"line":44,"column":34},"end":{"line":44,"column":42}}]}},"s":{"0":1,"1":1,"2":1,"3":1,"4":1,"5":1,"6":1,"7":31,"8":31,"9":31,"10":31,"11":1,"12":1},"f":{"0":31},"b":{"0":[31],"1":[0,31]}}
,"D:\\TUT\\Smart-Campus-Services-Portal-main\\Smart-Campus-Services-Portal\\client\\src\\components\\ui\\card.tsx": {"path":"D:\\TUT\\Smart-Campus-Services-Portal-main\\Smart-Campus-Services-Portal\\client\\src\\components\\ui\\card.tsx","statementMap":{"0":{"start":{"line":1,"column":0},"end":{"line":1,"column":30}},"1":{"start":{"line":3,"column":0},"end":{"line":3,"column":32}},"2":{"start":{"line":5,"column":13},"end":{"line":17,"column":2}},"3":{"start":{"line":8,"column":14},"end":{"line":8,"column":19}},"4":{"start":{"line":8,"column":24},"end":{"line":8,"column":28}},"5":{"start":{"line":8,"column":36},"end":{"line":17,"column":2}},"6":{"start":{"line":79,"column":9},"end":{"line":79,"column":13}},"7":{"start":{"line":18,"column":0},"end":{"line":18,"column":null}},"8":{"start":{"line":20,"column":19},"end":{"line":29,"column":2}},"9":{"start":{"line":23,"column":14},"end":{"line":23,"column":19}},"10":{"start":{"line":23,"column":24},"end":{"line":23,"column":28}},"11":{"start":{"line":23,"column":36},"end":{"line":29,"column":2}},"12":{"start":{"line":79,"column":15},"end":{"line":79,"column":25}},"13":{"start":{"line":30,"column":0},"end":{"line":30,"column":null}},"14":{"start":{"line":32,"column":18},"end":{"line":44,"column":2}},"15":{"start":{"line":35,"column":14},"end":{"line":35,"column":19}},"16":{"start":{"line":35,"column":24},"end":{"line":35,"column":28}},"17":{"start":{"line":35,"column":36},"end":{"line":44,"column":2}},"18":{"start":{"line":79,"column":39},"end":{"line":79,"column":48}},"19":{"start":{"line":45,"column":0},"end":{"line":45,"column":null}},"20":{"start":{"line":47,"column":24},"end":{"line":56,"column":2}},"21":{"start":{"line":50,"column":14},"end":{"line":50,"column":19}},"22":{"start":{"line":50,"column":24},"end":{"line":50,"column":28}},"23":{"start":{"line":50,"column":36},"end":{"line":56,"column":2}},"24":{"start":{"line":79,"column":50},"end":{"line":79,"column":65}},"25":{"start":{"line":57,"column":0},"end":{"line":57,"column":null}},"26":{"start":{"line":59,"column":20},"end":{"line":64,"column":2}},"27":{"start":{"line":62,"column":14},"end":{"line":62,"column":19}},"28":{"start":{"line":62,"column":24},"end":{"line":62,"column":28}},"29":{"start":{"line":62,"column":36},"end":{"line":64,"column":2}},"30":{"start":{"line":79,"column":67},"end":{"line":79,"column":78}},"31":{"start":{"line":65,"column":0},"end":{"line":65,"column":null}},"32":{"start":{"line":67,"column":19},"end":{"line":76,"column":2}},"33":{"start":{"line":70,"column":14},"end":{"line":70,"column":19}},"34":{"start":{"line":70,"column":24},"end":{"line":70,"column":28}},"35":{"start":{"line":70,"column":36},"end":{"line":76,"column":2}},"36":{"start":{"line":79,"column":27},"end":{"line":79,"column":37}},"37":{"start":{"line":77,"column":0},"end":{"line":77,"column":null}}},"fnMap":{"0":{"name":"(anonymous_7)","decl":{"start":{"line":8,"column":2},"end":{"line":8,"column":3}},"loc":{"start":{"line":8,"column":35},"end":{"line":17,"column":2}}},"1":{"name":"(anonymous_8)","decl":{"start":{"line":23,"column":2},"end":{"line":23,"column":3}},"loc":{"start":{"line":23,"column":35},"end":{"line":29,"column":2}}},"2":{"name":"(anonymous_9)","decl":{"start":{"line":35,"column":2},"end":{"line":35,"column":3}},"loc":{"start":{"line":35,"column":35},"end":{"line":44,"column":2}}},"3":{"name":"(anonymous_10)","decl":{"start":{"line":50,"column":2},"end":{"line":50,"column":3}},"loc":{"start":{"line":50,"column":35},"end":{"line":56,"column":2}}},"4":{"name":"(anonymous_11)","decl":{"start":{"line":62,"column":2},"end":{"line":62,"column":3}},"loc":{"start":{"line":62,"column":35},"end":{"line":64,"column":2}}},"5":{"name":"(anonymous_12)","decl":{"start":{"line":70,"column":2},"end":{"line":70,"column":3}},"loc":{"start":{"line":70,"column":35},"end":{"line":76,"column":2}}}},"branchMap":{},"s":{"0":1,"1":1,"2":1,"3":34,"4":34,"5":34,"6":1,"7":1,"8":1,"9":34,"10":34,"11":34,"12":1,"13":1,"14":1,"15":34,"16":34,"17":34,"18":1,"19":1,"20":1,"21":12,"22":12,"23":12,"24":1,"25":1,"26":1,"27":34,"28":34,"29":34,"30":1,"31":1,"32":1,"33":0,"34":0,"35":0,"36":1,"37":1},"f":{"0":34,"1":34,"2":34,"3":12,"4":34,"5":0},"b":{}}
,"D:\\TUT\\Smart-Campus-Services-Portal-main\\Smart-Campus-Services-Portal\\client\\src\\components\\ui\\chart.tsx": {"path":"D:\\TUT\\Smart-Campus-Services-Portal-main\\Smart-Campus-Services-Portal\\client\\src\\components\\ui\\chart.tsx","statementMap":{"0":{"start":{"line":1,"column":0},"end":{"line":1,"column":30}},"1":{"start":{"line":2,"column":0},"end":{"line":2,"column":45}},"2":{"start":{"line":4,"column":0},"end":{"line":4,"column":32}},"3":{"start":{"line":7,"column":15},"end":{"line":7,"column":52}},"4":{"start":{"line":23,"column":21},"end":{"line":23,"column":72}},"5":{"start":{"line":26,"column":18},"end":{"line":26,"column":48}},"6":{"start":{"line":28,"column":2},"end":{"line":30,"column":3}},"7":{"start":{"line":29,"column":4},"end":{"line":29,"column":null}},"8":{"start":{"line":32,"column":2},"end":{"line":32,"column":null}},"9":{"start":{"line":35,"column":23},"end":{"line":65,"column":2}},"10":{"start":{"line":43,"column":36},"end":{"line":43,"column":41}},"11":{"start":{"line":43,"column":46},"end":{"line":43,"column":50}},"12":{"start":{"line":44,"column":19},"end":{"line":44,"column":32}},"13":{"start":{"line":45,"column":18},"end":{"line":45,"column":61}},"14":{"start":{"line":47,"column":2},"end":{"line":64,"column":null}},"15":{"start":{"line":357,"column":2},"end":{"line":357,"column":16}},"16":{"start":{"line":66,"column":0},"end":{"line":66,"column":null}},"17":{"start":{"line":68,"column":19},"end":{"line":99,"column":1}},"18":{"start":{"line":69,"column":22},"end":{"line":70,"column":null}},"19":{"start":{"line":70,"column":21},"end":{"line":70,"column":49}},"20":{"start":{"line":73,"column":2},"end":{"line":75,"column":3}},"21":{"start":{"line":74,"column":4},"end":{"line":74,"column":null}},"22":{"start":{"line":77,"column":2},"end":{"line":98,"column":null}},"23":{"start":{"line":82,"column":33},"end":{"line":93,"column":null}},"24":{"start":{"line":87,"column":6},"end":{"line":88,"column":22}},"25":{"start":{"line":89,"column":4},"end":{"line":89,"column":null}},"26":{"start":{"line":362,"column":2},"end":{"line":362,"column":12}},"27":{"start":{"line":101,"column":21},"end":{"line":101,"column":46}},"28":{"start":{"line":358,"column":2},"end":{"line":358,"column":14}},"29":{"start":{"line":103,"column":28},"end":{"line":253,"column":null}},"30":{"start":{"line":132,"column":23},"end":{"line":132,"column":33}},"31":{"start":{"line":134,"column":25},"end":{"line":168,"column":6}},"32":{"start":{"line":135,"column":6},"end":{"line":137,"column":7}},"33":{"start":{"line":136,"column":8},"end":{"line":136,"column":null}},"34":{"start":{"line":139,"column":21},"end":{"line":139,"column":28}},"35":{"start":{"line":140,"column":18},"end":{"line":140,"column":71}},"36":{"start":{"line":141,"column":25},"end":{"line":141,"column":71}},"37":{"start":{"line":143,"column":8},"end":{"line":145,"column":29}},"38":{"start":{"line":147,"column":6},"end":{"line":153,"column":7}},"39":{"start":{"line":148,"column":8},"end":{"line":152,"column":null}},"40":{"start":{"line":155,"column":6},"end":{"line":157,"column":7}},"41":{"start":{"line":156,"column":8},"end":{"line":156,"column":null}},"42":{"start":{"line":159,"column":6},"end":{"line":159,"column":null}},"43":{"start":{"line":170,"column":4},"end":{"line":172,"column":5}},"44":{"start":{"line":171,"column":6},"end":{"line":171,"column":null}},"45":{"start":{"line":174,"column":22},"end":{"line":174,"column":65}},"46":{"start":{"line":176,"column":4},"end":{"line":252,"column":null}},"47":{"start":{"line":187,"column":24},"end":{"line":187,"column":76}},"48":{"start":{"line":188,"column":31},"end":{"line":188,"column":77}},"49":{"start":{"line":189,"column":35},"end":{"line":189,"column":75}},"50":{"start":{"line":191,"column":12},"end":{"line":248,"column":null}},"51":{"start":{"line":359,"column":2},"end":{"line":359,"column":21}},"52":{"start":{"line":255,"column":0},"end":{"line":255,"column":null}},"53":{"start":{"line":257,"column":20},"end":{"line":257,"column":44}},"54":{"start":{"line":360,"column":2},"end":{"line":360,"column":13}},"55":{"start":{"line":259,"column":27},"end":{"line":313,"column":null}},"56":{"start":{"line":271,"column":23},"end":{"line":271,"column":33}},"57":{"start":{"line":273,"column":4},"end":{"line":275,"column":5}},"58":{"start":{"line":274,"column":6},"end":{"line":274,"column":null}},"59":{"start":{"line":277,"column":4},"end":{"line":312,"column":null}},"60":{"start":{"line":287,"column":22},"end":{"line":287,"column":61}},"61":{"start":{"line":288,"column":29},"end":{"line":288,"column":75}},"62":{"start":{"line":290,"column":10},"end":{"line":309,"column":null}},"63":{"start":{"line":361,"column":2},"end":{"line":361,"column":20}},"64":{"start":{"line":315,"column":0},"end":{"line":315,"column":null}},"65":{"start":{"line":323,"column":2},"end":{"line":325,"column":3}},"66":{"start":{"line":324,"column":4},"end":{"line":324,"column":null}},"67":{"start":{"line":328,"column":4},"end":{"line":332,"column":17}},"68":{"start":{"line":334,"column":31},"end":{"line":334,"column":34}},"69":{"start":{"line":336,"column":2},"end":{"line":349,"column":3}},"70":{"start":{"line":340,"column":4},"end":{"line":340,"column":null}},"71":{"start":{"line":341,"column":9},"end":{"line":349,"column":3}},"72":{"start":{"line":346,"column":4},"end":{"line":348,"column":null}},"73":{"start":{"line":351,"column":2},"end":{"line":353,"column":null}}},"fnMap":{"0":{"name":"useChart","decl":{"start":{"line":25,"column":9},"end":{"line":25,"column":17}},"loc":{"start":{"line":25,"column":17},"end":{"line":33,"column":1}}},"1":{"name":"(anonymous_8)","decl":{"start":{"line":43,"column":2},"end":{"line":43,"column":3}},"loc":{"start":{"line":43,"column":57},"end":{"line":65,"column":1}}},"2":{"name":"(anonymous_9)","decl":{"start":{"line":68,"column":19},"end":{"line":68,"column":20}},"loc":{"start":{"line":68,"column":75},"end":{"line":99,"column":1}}},"3":{"name":"(anonymous_10)","decl":{"start":{"line":70,"column":4},"end":{"line":70,"column":5}},"loc":{"start":{"line":70,"column":21},"end":{"line":70,"column":49}}},"4":{"name":"(anonymous_11)","decl":{"start":{"line":82,"column":12},"end":{"line":82,"column":13}},"loc":{"start":{"line":82,"column":33},"end":{"line":93,"column":null}}},"5":{"name":"(anonymous_12)","decl":{"start":{"line":85,"column":7},"end":{"line":85,"column":8}},"loc":{"start":{"line":85,"column":29},"end":{"line":90,"column":3}}},"6":{"name":"(anonymous_13)","decl":{"start":{"line":114,"column":2},"end":{"line":114,"column":null}},"loc":{"start":{"line":131,"column":6},"end":{"line":253,"column":3}}},"7":{"name":"(anonymous_14)","decl":{"start":{"line":134,"column":39},"end":{"line":134,"column":42}},"loc":{"start":{"line":134,"column":44},"end":{"line":160,"column":5}}},"8":{"name":"(anonymous_15)","decl":{"start":{"line":186,"column":23},"end":{"line":186,"column":24}},"loc":{"start":{"line":186,"column":39},"end":{"line":249,"column":11}}},"9":{"name":"(anonymous_16)","decl":{"start":{"line":267,"column":2},"end":{"line":267,"column":null}},"loc":{"start":{"line":270,"column":6},"end":{"line":313,"column":3}}},"10":{"name":"(anonymous_17)","decl":{"start":{"line":286,"column":21},"end":{"line":286,"column":22}},"loc":{"start":{"line":286,"column":30},"end":{"line":310,"column":9}}},"11":{"name":"getPayloadConfigFromPayload","decl":{"start":{"line":318,"column":9},"end":{"line":318,"column":36}},"loc":{"start":{"line":321,"column":13},"end":{"line":354,"column":1}}}},"branchMap":{"0":{"loc":{"start":{"line":28,"column":2},"end":{"line":30,"column":3}},"type":"if","locations":[{"start":{"line":28,"column":2},"end":{"line":30,"column":3}}]},"1":{"loc":{"start":{"line":45,"column":27},"end":{"line":45,"column":59}},"type":"binary-expr","locations":[{"start":{"line":45,"column":27},"end":{"line":45,"column":29}},{"start":{"line":45,"column":33},"end":{"line":45,"column":59}}]},"2":{"loc":{"start":{"line":70,"column":21},"end":{"line":70,"column":49}},"type":"binary-expr","locations":[{"start":{"line":70,"column":21},"end":{"line":70,"column":33}},{"start":{"line":70,"column":37},"end":{"line":70,"column":49}}]},"3":{"loc":{"start":{"line":73,"column":2},"end":{"line":75,"column":3}},"type":"if","locations":[{"start":{"line":73,"column":2},"end":{"line":75,"column":3}}]},"4":{"loc":{"start":{"line":87,"column":6},"end":{"line":88,"column":22}},"type":"binary-expr","locations":[{"start":{"line":87,"column":6},"end":{"line":87,"column":64}},{"start":{"line":88,"column":6},"end":{"line":88,"column":22}}]},"5":{"loc":{"start":{"line":87,"column":6},"end":{"line":87,"column":64}},"type":"cond-expr","locations":[{"start":{"line":87,"column":22},"end":{"line":87,"column":25}},{"start":{"line":87,"column":22},"end":{"line":87,"column":64}}]},"6":{"loc":{"start":{"line":87,"column":6},"end":{"line":87,"column":25}},"type":"binary-expr","locations":[{"start":{"line":87,"column":6},"end":{"line":87,"column":25}},{"start":{"line":87,"column":22},"end":{"line":87,"column":25}}]},"7":{"loc":{"start":{"line":89,"column":11},"end":{"line":89,"column":55}},"type":"cond-expr","locations":[{"start":{"line":89,"column":19},"end":{"line":89,"column":48}},{"start":{"line":89,"column":51},"end":{"line":89,"column":55}}]},"8":{"loc":{"start":{"line":119,"column":6},"end":{"line":119,"column":23}},"type":"default-arg","locations":[{"start":{"line":119,"column":18},"end":{"line":119,"column":23}}]},"9":{"loc":{"start":{"line":120,"column":6},"end":{"line":120,"column":23}},"type":"default-arg","locations":[{"start":{"line":120,"column":18},"end":{"line":120,"column":23}}]},"10":{"loc":{"start":{"line":121,"column":6},"end":{"line":121,"column":27}},"type":"default-arg","locations":[{"start":{"line":121,"column":22},"end":{"line":121,"column":27}}]},"11":{"loc":{"start":{"line":135,"column":6},"end":{"line":137,"column":7}},"type":"if","locations":[{"start":{"line":135,"column":6},"end":{"line":137,"column":7}}]},"12":{"loc":{"start":{"line":135,"column":10},"end":{"line":135,"column":41}},"type":"binary-expr","locations":[{"start":{"line":135,"column":10},"end":{"line":135,"column":19}},{"start":{"line":135,"column":23},"end":{"line":135,"column":41}}]},"13":{"loc":{"start":{"line":135,"column":24},"end":{"line":135,"column":39}},"type":"cond-expr","locations":[{"start":{"line":135,"column":31},"end":{"line":135,"column":33}},{"start":{"line":135,"column":24},"end":{"line":135,"column":39}}]},"14":{"loc":{"start":{"line":135,"column":24},"end":{"line":135,"column":33}},"type":"binary-expr","locations":[{"start":{"line":135,"column":24},"end":{"line":135,"column":33}},{"start":{"line":135,"column":24},"end":{"line":135,"column":33}}]},"15":{"loc":{"start":{"line":140,"column":21},"end":{"line":140,"column":69}},"type":"binary-expr","locations":[{"start":{"line":140,"column":21},"end":{"line":140,"column":29}},{"start":{"line":140,"column":33},"end":{"line":140,"column":45}},{"start":{"line":140,"column":49},"end":{"line":140,"column":58}},{"start":{"line":140,"column":62},"end":{"line":140,"column":69}}]},"16":{"loc":{"start":{"line":143,"column":8},"end":{"line":145,"column":29}},"type":"cond-expr","locations":[{"start":{"line":144,"column":12},"end":{"line":144,"column":64}},{"start":{"line":145,"column":12},"end":{"line":145,"column":29}}]},"17":{"loc":{"start":{"line":143,"column":8},"end":{"line":143,"column":46}},"type":"binary-expr","locations":[{"start":{"line":143,"column":8},"end":{"line":143,"column":17}},{"start":{"line":143,"column":21},"end":{"line":143,"column":46}}]},"18":{"loc":{"start":{"line":144,"column":12},"end":{"line":144,"column":64}},"type":"binary-expr","locations":[{"start":{"line":144,"column":12},"end":{"line":144,"column":55}},{"start":{"line":144,"column":59},"end":{"line":144,"column":64}}]},"19":{"loc":{"start":{"line":144,"column":12},"end":{"line":144,"column":55}},"type":"cond-expr","locations":[{"start":{"line":144,"column":48},"end":{"line":144,"column":50}},{"start":{"line":144,"column":48},"end":{"line":144,"column":55}}]},"20":{"loc":{"start":{"line":144,"column":12},"end":{"line":144,"column":50}},"type":"binary-expr","locations":[{"start":{"line":144,"column":12},"end":{"line":144,"column":50}},{"start":{"line":144,"column":48},"end":{"line":144,"column":50}}]},"21":{"loc":{"start":{"line":145,"column":12},"end":{"line":145,"column":29}},"type":"cond-expr","locations":[{"start":{"line":145,"column":22},"end":{"line":145,"column":24}},{"start":{"line":145,"column":12},"end":{"line":145,"column":29}}]},"22":{"loc":{"start":{"line":145,"column":12},"end":{"line":145,"column":24}},"type":"binary-expr","locations":[{"start":{"line":145,"column":12},"end":{"line":145,"column":24}},{"start":{"line":145,"column":12},"end":{"line":145,"column":24}}]},"23":{"loc":{"start":{"line":147,"column":6},"end":{"line":153,"column":7}},"type":"if","locations":[{"start":{"line":147,"column":6},"end":{"line":153,"column":7}}]},"24":{"loc":{"start":{"line":155,"column":6},"end":{"line":157,"column":7}},"type":"if","locations":[{"start":{"line":155,"column":6},"end":{"line":157,"column":7}}]},"25":{"loc":{"start":{"line":170,"column":4},"end":{"line":172,"column":5}},"type":"if","locations":[{"start":{"line":170,"column":4},"end":{"line":172,"column":5}}]},"26":{"loc":{"start":{"line":170,"column":8},"end":{"line":170,"column":37}},"type":"binary-expr","locations":[{"start":{"line":170,"column":8},"end":{"line":170,"column":15}},{"start":{"line":170,"column":19},"end":{"line":170,"column":37}}]},"27":{"loc":{"start":{"line":170,"column":20},"end":{"line":170,"column":35}},"type":"cond-expr","locations":[{"start":{"line":170,"column":27},"end":{"line":170,"column":29}},{"start":{"line":170,"column":20},"end":{"line":170,"column":35}}]},"28":{"loc":{"start":{"line":170,"column":20},"end":{"line":170,"column":29}},"type":"binary-expr","locations":[{"start":{"line":170,"column":20},"end":{"line":170,"column":29}},{"start":{"line":170,"column":20},"end":{"line":170,"column":29}}]},"29":{"loc":{"start":{"line":174,"column":22},"end":{"line":174,"column":65}},"type":"binary-expr","locations":[{"start":{"line":174,"column":22},"end":{"line":174,"column":42}},{"start":{"line":174,"column":46},"end":{"line":174,"column":65}}]},"30":{"loc":{"start":{"line":184,"column":9},"end":{"line":184,"column":41}},"type":"cond-expr","locations":[{"start":{"line":184,"column":22},"end":{"line":184,"column":34}},{"start":{"line":184,"column":37},"end":{"line":184,"column":41}}]},"31":{"loc":{"start":{"line":187,"column":27},"end":{"line":187,"column":74}},"type":"binary-expr","locations":[{"start":{"line":187,"column":27},"end":{"line":187,"column":34}},{"start":{"line":187,"column":38},"end":{"line":187,"column":47}},{"start":{"line":187,"column":51},"end":{"line":187,"column":63}},{"start":{"line":187,"column":67},"end":{"line":187,"column":74}}]},"32":{"loc":{"start":{"line":189,"column":35},"end":{"line":189,"column":75}},"type":"binary-expr","locations":[{"start":{"line":189,"column":35},"end":{"line":189,"column":40}},{"start":{"line":189,"column":44},"end":{"line":189,"column":61}},{"start":{"line":189,"column":65},"end":{"line":189,"column":75}}]},"33":{"loc":{"start":{"line":196,"column":18},"end":{"line":196,"column":55}},"type":"binary-expr","locations":[{"start":{"line":196,"column":18},"end":{"line":196,"column":37}},{"start":{"line":196,"column":41},"end":{"line":196,"column":55}}]},"34":{"loc":{"start":{"line":199,"column":17},"end":{"line":245,"column":null}},"type":"cond-expr","locations":[{"start":{"line":200,"column":18},"end":{"line":200,"column":77}},{"start":{"line":202,"column":18},"end":{"line":244,"column":null}}]},"35":{"loc":{"start":{"line":199,"column":17},"end":{"line":199,"column":68}},"type":"binary-expr","locations":[{"start":{"line":199,"column":17},"end":{"line":199,"column":26}},{"start":{"line":199,"column":30},"end":{"line":199,"column":55}},{"start":{"line":199,"column":59},"end":{"line":199,"column":68}}]},"36":{"loc":{"start":{"line":199,"column":30},"end":{"line":199,"column":41}},"type":"cond-expr","locations":[{"start":{"line":199,"column":34},"end":{"line":199,"column":36}},{"start":{"line":199,"column":30},"end":{"line":199,"column":41}}]},"37":{"loc":{"start":{"line":199,"column":30},"end":{"line":199,"column":36}},"type":"binary-expr","locations":[{"start":{"line":199,"column":30},"end":{"line":199,"column":36}},{"start":{"line":199,"column":30},"end":{"line":199,"column":36}}]},"38":{"loc":{"start":{"line":203,"column":21},"end":{"line":225,"column":null}},"type":"cond-expr","locations":[{"start":{"line":204,"column":22},"end":{"line":204,"column":41}},{"start":{"line":206,"column":22},"end":{"line":224,"column":null}}]},"39":{"loc":{"start":{"line":203,"column":21},"end":{"line":203,"column":37}},"type":"cond-expr","locations":[{"start":{"line":203,"column":31},"end":{"line":203,"column":33}},{"start":{"line":203,"column":21},"end":{"line":203,"column":37}}]},"40":{"loc":{"start":{"line":203,"column":21},"end":{"line":203,"column":33}},"type":"binary-expr","locations":[{"start":{"line":203,"column":21},"end":{"line":203,"column":33}},{"start":{"line":203,"column":21},"end":{"line":203,"column":33}}]},"41":{"loc":{"start":{"line":206,"column":22},"end":{"line":224,"column":null}},"type":"binary-expr","locations":[{"start":{"line":206,"column":22},"end":{"line":206,"column":36}},{"start":{"line":207,"column":24},"end":{"line":222,"column":null}}]},"42":{"loc":{"start":{"line":215,"column":40},"end":{"line":215,"column":75}},"type":"binary-expr","locations":[{"start":{"line":215,"column":40},"end":{"line":215,"column":49}},{"start":{"line":215,"column":53},"end":{"line":215,"column":75}}]},"43":{"loc":{"start":{"line":230,"column":24},"end":{"line":230,"column":64}},"type":"cond-expr","locations":[{"start":{"line":230,"column":36},"end":{"line":230,"column":47}},{"start":{"line":230,"column":50},"end":{"line":230,"column":64}}]},"44":{"loc":{"start":{"line":234,"column":25},"end":{"line":234,"column":56}},"type":"cond-expr","locations":[{"start":{"line":234,"column":37},"end":{"line":234,"column":49}},{"start":{"line":234,"column":52},"end":{"line":234,"column":56}}]},"45":{"loc":{"start":{"line":236,"column":27},"end":{"line":236,"column":57}},"type":"binary-expr","locations":[{"start":{"line":236,"column":27},"end":{"line":236,"column":44}},{"start":{"line":236,"column":48},"end":{"line":236,"column":57}}]},"46":{"loc":{"start":{"line":236,"column":27},"end":{"line":236,"column":44}},"type":"cond-expr","locations":[{"start":{"line":236,"column":37},"end":{"line":236,"column":39}},{"start":{"line":236,"column":27},"end":{"line":236,"column":44}}]},"47":{"loc":{"start":{"line":236,"column":27},"end":{"line":236,"column":39}},"type":"binary-expr","locations":[{"start":{"line":236,"column":27},"end":{"line":236,"column":39}},{"start":{"line":236,"column":27},"end":{"line":236,"column":39}}]},"48":{"loc":{"start":{"line":239,"column":23},"end":{"line":242,"column":null}},"type":"binary-expr","locations":[{"start":{"line":239,"column":23},"end":{"line":239,"column":33}},{"start":{"line":240,"column":24},"end":{"line":241,"column":null}}]},"49":{"loc":{"start":{"line":268,"column":17},"end":{"line":268,"column":33}},"type":"default-arg","locations":[{"start":{"line":268,"column":28},"end":{"line":268,"column":33}}]},"50":{"loc":{"start":{"line":268,"column":44},"end":{"line":268,"column":68}},"type":"default-arg","locations":[{"start":{"line":268,"column":60},"end":{"line":268,"column":68}}]},"51":{"loc":{"start":{"line":273,"column":4},"end":{"line":275,"column":5}},"type":"if","locations":[{"start":{"line":273,"column":4},"end":{"line":275,"column":5}}]},"52":{"loc":{"start":{"line":273,"column":9},"end":{"line":273,"column":24}},"type":"cond-expr","locations":[{"start":{"line":273,"column":16},"end":{"line":273,"column":18}},{"start":{"line":273,"column":9},"end":{"line":273,"column":24}}]},"53":{"loc":{"start":{"line":273,"column":9},"end":{"line":273,"column":18}},"type":"binary-expr","locations":[{"start":{"line":273,"column":9},"end":{"line":273,"column":18}},{"start":{"line":273,"column":9},"end":{"line":273,"column":18}}]},"54":{"loc":{"start":{"line":282,"column":10},"end":{"line":282,"column":51}},"type":"cond-expr","locations":[{"start":{"line":282,"column":36},"end":{"line":282,"column":42}},{"start":{"line":282,"column":45},"end":{"line":282,"column":51}}]},"55":{"loc":{"start":{"line":287,"column":25},"end":{"line":287,"column":59}},"type":"binary-expr","locations":[{"start":{"line":287,"column":25},"end":{"line":287,"column":32}},{"start":{"line":287,"column":36},"end":{"line":287,"column":48}},{"start":{"line":287,"column":52},"end":{"line":287,"column":59}}]},"56":{"loc":{"start":{"line":297,"column":15},"end":{"line":305,"column":null}},"type":"cond-expr","locations":[{"start":{"line":298,"column":16},"end":{"line":298,"column":35}},{"start":{"line":300,"column":16},"end":{"line":304,"column":null}}]},"57":{"loc":{"start":{"line":297,"column":15},"end":{"line":297,"column":44}},"type":"binary-expr","locations":[{"start":{"line":297,"column":15},"end":{"line":297,"column":31}},{"start":{"line":297,"column":35},"end":{"line":297,"column":44}}]},"58":{"loc":{"start":{"line":297,"column":15},"end":{"line":297,"column":31}},"type":"cond-expr","locations":[{"start":{"line":297,"column":25},"end":{"line":297,"column":27}},{"start":{"line":297,"column":15},"end":{"line":297,"column":31}}]},"59":{"loc":{"start":{"line":297,"column":15},"end":{"line":297,"column":27}},"type":"binary-expr","locations":[{"start":{"line":297,"column":15},"end":{"line":297,"column":27}},{"start":{"line":297,"column":15},"end":{"line":297,"column":27}}]},"60":{"loc":{"start":{"line":307,"column":15},"end":{"line":307,"column":32}},"type":"cond-expr","locations":[{"start":{"line":307,"column":25},"end":{"line":307,"column":27}},{"start":{"line":307,"column":15},"end":{"line":307,"column":32}}]},"61":{"loc":{"start":{"line":307,"column":15},"end":{"line":307,"column":27}},"type":"binary-expr","locations":[{"start":{"line":307,"column":15},"end":{"line":307,"column":27}},{"start":{"line":307,"column":15},"end":{"line":307,"column":27}}]},"62":{"loc":{"start":{"line":323,"column":2},"end":{"line":325,"column":3}},"type":"if","locations":[{"start":{"line":323,"column":2},"end":{"line":325,"column":3}}]},"63":{"loc":{"start":{"line":323,"column":6},"end":{"line":323,"column":53}},"type":"binary-expr","locations":[{"start":{"line":323,"column":6},"end":{"line":323,"column":33}},{"start":{"line":323,"column":37},"end":{"line":323,"column":53}}]},"64":{"loc":{"start":{"line":328,"column":4},"end":{"line":332,"column":17}},"type":"cond-expr","locations":[{"start":{"line":331,"column":8},"end":{"line":331,"column":23}},{"start":{"line":332,"column":8},"end":{"line":332,"column":17}}]},"65":{"loc":{"start":{"line":328,"column":4},"end":{"line":330,"column":28}},"type":"binary-expr","locations":[{"start":{"line":328,"column":4},"end":{"line":328,"column":24}},{"start":{"line":329,"column":4},"end":{"line":329,"column":39}},{"start":{"line":330,"column":4},"end":{"line":330,"column":28}}]},"66":{"loc":{"start":{"line":336,"column":2},"end":{"line":349,"column":3}},"type":"if","locations":[{"start":{"line":336,"column":2},"end":{"line":349,"column":3}},{"start":{"line":341,"column":9},"end":{"line":349,"column":3}}]},"67":{"loc":{"start":{"line":337,"column":4},"end":{"line":338,"column":60}},"type":"binary-expr","locations":[{"start":{"line":337,"column":4},"end":{"line":337,"column":18}},{"start":{"line":338,"column":4},"end":{"line":338,"column":60}}]},"68":{"loc":{"start":{"line":341,"column":9},"end":{"line":349,"column":3}},"type":"if","locations":[{"start":{"line":341,"column":9},"end":{"line":349,"column":3}}]},"69":{"loc":{"start":{"line":342,"column":4},"end":{"line":344,"column":74}},"type":"binary-expr","locations":[{"start":{"line":342,"column":4},"end":{"line":342,"column":18}},{"start":{"line":343,"column":4},"end":{"line":343,"column":25}},{"start":{"line":344,"column":4},"end":{"line":344,"column":74}}]},"70":{"loc":{"start":{"line":351,"column":9},"end":{"line":353,"column":40}},"type":"cond-expr","locations":[{"start":{"line":352,"column":6},"end":{"line":352,"column":28}},{"start":{"line":353,"column":6},"end":{"line":353,"column":40}}]}},"s":{"0":1,"1":1,"2":1,"3":1,"4":1,"5":0,"6":0,"7":0,"8":0,"9":1,"10":12,"11":12,"12":12,"13":12,"14":12,"15":1,"16":1,"17":1,"18":12,"19":16,"20":12,"21":0,"22":12,"23":24,"24":32,"25":32,"26":1,"27":1,"28":1,"29":1,"30":0,"31":0,"32":0,"33":0,"34":0,"35":0,"36":0,"37":0,"38":0,"39":0,"40":0,"41":0,"42":0,"43":0,"44":0,"45":0,"46":0,"47":0,"48":0,"49":0,"50":0,"51":1,"52":1,"53":1,"54":1,"55":1,"56":0,"57":0,"58":0,"59":0,"60":0,"61":0,"62":0,"63":1,"64":1,"65":0,"66":0,"67":0,"68":0,"69":0,"70":0,"71":0,"72":0,"73":0},"f":{"0":0,"1":12,"2":12,"3":16,"4":24,"5":32,"6":0,"7":0,"8":0,"9":0,"10":0,"11":0},"b":{"0":[0],"1":[12,12],"2":[16,0],"3":[0],"4":[32,0],"5":[0,32],"6":[32,32],"7":[32,0],"8":[0],"9":[0],"10":[0],"11":[0],"12":[0,0],"13":[0,0],"14":[0,0],"15":[0,0,0,0],"16":[0,0],"17":[0,0],"18":[0,0],"19":[0,0],"20":[0,0],"21":[0,0],"22":[0,0],"23":[0],"24":[0],"25":[0],"26":[0,0],"27":[0,0],"28":[0,0],"29":[0,0],"30":[0,0],"31":[0,0,0,0],"32":[0,0,0],"33":[0,0],"34":[0,0],"35":[0,0,0],"36":[0,0],"37":[0,0],"38":[0,0],"39":[0,0],"40":[0,0],"41":[0,0],"42":[0,0],"43":[0,0],"44":[0,0],"45":[0,0],"46":[0,0],"47":[0,0],"48":[0,0],"49":[0],"50":[0],"51":[0],"52":[0,0],"53":[0,0],"54":[0,0],"55":[0,0,0],"56":[0,0],"57":[0,0],"58":[0,0],"59":[0,0],"60":[0,0],"61":[0,0],"62":[0],"63":[0,0],"64":[0,0],"65":[0,0,0],"66":[0,0],"67":[0,0],"68":[0],"69":[0,0,0],"70":[0,0]}}
,"D:\\TUT\\Smart-Campus-Services-Portal-main\\Smart-Campus-Services-Portal\\client\\src\\components\\ui\\dropdown-menu.tsx": {"path":"D:\\TUT\\Smart-Campus-Services-Portal-main\\Smart-Campus-Services-Portal\\client\\src\\components\\ui\\dropdown-menu.tsx","statementMap":{"0":{"start":{"line":1,"column":0},"end":{"line":1,"column":30}},"1":{"start":{"line":2,"column":0},"end":{"line":2,"column":70}},"2":{"start":{"line":3,"column":0},"end":{"line":3,"column":58}},"3":{"start":{"line":5,"column":0},"end":{"line":5,"column":32}},"4":{"start":{"line":7,"column":21},"end":{"line":7,"column":47}},"5":{"start":{"line":183,"column":2},"end":{"line":183,"column":14}},"6":{"start":{"line":9,"column":28},"end":{"line":9,"column":57}},"7":{"start":{"line":184,"column":2},"end":{"line":184,"column":21}},"8":{"start":{"line":11,"column":26},"end":{"line":11,"column":53}},"9":{"start":{"line":192,"column":2},"end":{"line":192,"column":19}},"10":{"start":{"line":13,"column":27},"end":{"line":13,"column":55}},"11":{"start":{"line":193,"column":2},"end":{"line":193,"column":20}},"12":{"start":{"line":15,"column":24},"end":{"line":15,"column":49}},"13":{"start":{"line":194,"column":2},"end":{"line":194,"column":17}},"14":{"start":{"line":17,"column":31},"end":{"line":17,"column":63}},"15":{"start":{"line":197,"column":2},"end":{"line":197,"column":24}},"16":{"start":{"line":19,"column":31},"end":{"line":37,"column":2}},"17":{"start":{"line":24,"column":31},"end":{"line":24,"column":36}},"18":{"start":{"line":24,"column":41},"end":{"line":24,"column":45}},"19":{"start":{"line":24,"column":53},"end":{"line":37,"column":2}},"20":{"start":{"line":196,"column":2},"end":{"line":196,"column":24}},"21":{"start":{"line":38,"column":0},"end":{"line":39,"column":null}},"22":{"start":{"line":41,"column":31},"end":{"line":53,"column":2}},"23":{"start":{"line":44,"column":14},"end":{"line":44,"column":19}},"24":{"start":{"line":44,"column":24},"end":{"line":44,"column":28}},"25":{"start":{"line":44,"column":36},"end":{"line":53,"column":2}},"26":{"start":{"line":195,"column":2},"end":{"line":195,"column":24}},"27":{"start":{"line":54,"column":0},"end":{"line":55,"column":null}},"28":{"start":{"line":57,"column":28},"end":{"line":72,"column":2}},"29":{"start":{"line":60,"column":30},"end":{"line":60,"column":35}},"30":{"start":{"line":60,"column":40},"end":{"line":60,"column":44}},"31":{"start":{"line":60,"column":52},"end":{"line":72,"column":2}},"32":{"start":{"line":185,"column":2},"end":{"line":185,"column":21}},"33":{"start":{"line":73,"column":0},"end":{"line":73,"column":null}},"34":{"start":{"line":75,"column":25},"end":{"line":90,"column":2}},"35":{"start":{"line":80,"column":21},"end":{"line":80,"column":26}},"36":{"start":{"line":80,"column":31},"end":{"line":80,"column":35}},"37":{"start":{"line":80,"column":43},"end":{"line":90,"column":2}},"38":{"start":{"line":186,"column":2},"end":{"line":186,"column":18}},"39":{"start":{"line":91,"column":0},"end":{"line":91,"column":null}},"40":{"start":{"line":93,"column":33},"end":{"line":113,"column":2}},"41":{"start":{"line":96,"column":33},"end":{"line":96,"column":38}},"42":{"start":{"line":96,"column":43},"end":{"line":96,"column":47}},"43":{"start":{"line":96,"column":55},"end":{"line":113,"column":2}},"44":{"start":{"line":187,"column":2},"end":{"line":187,"column":26}},"45":{"start":{"line":114,"column":0},"end":{"line":115,"column":null}},"46":{"start":{"line":117,"column":30},"end":{"line":136,"column":2}},"47":{"start":{"line":120,"column":24},"end":{"line":120,"column":29}},"48":{"start":{"line":120,"column":34},"end":{"line":120,"column":38}},"49":{"start":{"line":120,"column":46},"end":{"line":136,"column":2}},"50":{"start":{"line":188,"column":2},"end":{"line":188,"column":23}},"51":{"start":{"line":137,"column":0},"end":{"line":137,"column":null}},"52":{"start":{"line":139,"column":26},"end":{"line":154,"column":2}},"53":{"start":{"line":144,"column":21},"end":{"line":144,"column":26}},"54":{"start":{"line":144,"column":31},"end":{"line":144,"column":35}},"55":{"start":{"line":144,"column":43},"end":{"line":154,"column":2}},"56":{"start":{"line":189,"column":2},"end":{"line":189,"column":19}},"57":{"start":{"line":155,"column":0},"end":{"line":155,"column":null}},"58":{"start":{"line":157,"column":30},"end":{"line":166,"column":2}},"59":{"start":{"line":160,"column":14},"end":{"line":160,"column":19}},"60":{"start":{"line":160,"column":24},"end":{"line":160,"column":28}},"61":{"start":{"line":160,"column":36},"end":{"line":166,"column":2}},"62":{"start":{"line":190,"column":2},"end":{"line":190,"column":23}},"63":{"start":{"line":167,"column":0},"end":{"line":167,"column":null}},"64":{"start":{"line":169,"column":29},"end":{"line":179,"column":1}},"65":{"start":{"line":170,"column":11},"end":{"line":170,"column":null}},"66":{"start":{"line":171,"column":10},"end":{"line":172,"column":40}},"67":{"start":{"line":173,"column":2},"end":{"line":178,"column":null}},"68":{"start":{"line":191,"column":2},"end":{"line":191,"column":22}},"69":{"start":{"line":180,"column":0},"end":{"line":180,"column":null}}},"fnMap":{"0":{"name":"(anonymous_7)","decl":{"start":{"line":24,"column":2},"end":{"line":24,"column":3}},"loc":{"start":{"line":24,"column":52},"end":{"line":37,"column":2}}},"1":{"name":"(anonymous_8)","decl":{"start":{"line":44,"column":2},"end":{"line":44,"column":3}},"loc":{"start":{"line":44,"column":35},"end":{"line":53,"column":2}}},"2":{"name":"(anonymous_9)","decl":{"start":{"line":60,"column":2},"end":{"line":60,"column":3}},"loc":{"start":{"line":60,"column":51},"end":{"line":72,"column":2}}},"3":{"name":"(anonymous_10)","decl":{"start":{"line":80,"column":2},"end":{"line":80,"column":3}},"loc":{"start":{"line":80,"column":42},"end":{"line":90,"column":2}}},"4":{"name":"(anonymous_11)","decl":{"start":{"line":96,"column":2},"end":{"line":96,"column":3}},"loc":{"start":{"line":96,"column":54},"end":{"line":113,"column":2}}},"5":{"name":"(anonymous_12)","decl":{"start":{"line":120,"column":2},"end":{"line":120,"column":3}},"loc":{"start":{"line":120,"column":45},"end":{"line":136,"column":2}}},"6":{"name":"(anonymous_13)","decl":{"start":{"line":144,"column":2},"end":{"line":144,"column":3}},"loc":{"start":{"line":144,"column":42},"end":{"line":154,"column":2}}},"7":{"name":"(anonymous_14)","decl":{"start":{"line":160,"column":2},"end":{"line":160,"column":3}},"loc":{"start":{"line":160,"column":35},"end":{"line":166,"column":2}}},"8":{"name":"(anonymous_15)","decl":{"start":{"line":169,"column":29},"end":{"line":169,"column":30}},"loc":{"start":{"line":172,"column":44},"end":{"line":179,"column":1}}}},"branchMap":{"0":{"loc":{"start":{"line":29,"column":6},"end":{"line":29,"column":21}},"type":"binary-expr","locations":[{"start":{"line":29,"column":6},"end":{"line":29,"column":11}},{"start":{"line":29,"column":15},"end":{"line":29,"column":21}}]},"1":{"loc":{"start":{"line":60,"column":16},"end":{"line":60,"column":30}},"type":"default-arg","locations":[{"start":{"line":60,"column":29},"end":{"line":60,"column":30}}]},"2":{"loc":{"start":{"line":85,"column":6},"end":{"line":85,"column":21}},"type":"binary-expr","locations":[{"start":{"line":85,"column":6},"end":{"line":85,"column":11}},{"start":{"line":85,"column":15},"end":{"line":85,"column":21}}]},"3":{"loc":{"start":{"line":149,"column":6},"end":{"line":149,"column":21}},"type":"binary-expr","locations":[{"start":{"line":149,"column":6},"end":{"line":149,"column":11}},{"start":{"line":149,"column":15},"end":{"line":149,"column":21}}]}},"s":{"0":1,"1":1,"2":1,"3":1,"4":1,"5":1,"6":1,"7":1,"8":1,"9":1,"10":1,"11":1,"12":1,"13":1,"14":1,"15":1,"16":1,"17":0,"18":0,"19":0,"20":1,"21":1,"22":1,"23":0,"24":0,"25":0,"26":1,"27":1,"28":1,"29":5,"30":5,"31":5,"32":1,"33":1,"34":1,"35":0,"36":0,"37":0,"38":1,"39":1,"40":1,"41":0,"42":0,"43":0,"44":1,"45":1,"46":1,"47":0,"48":0,"49":0,"50":1,"51":1,"52":1,"53":0,"54":0,"55":0,"56":1,"57":1,"58":1,"59":0,"60":0,"61":0,"62":1,"63":1,"64":1,"65":0,"66":0,"67":0,"68":1,"69":1},"f":{"0":0,"1":0,"2":5,"3":0,"4":0,"5":0,"6":0,"7":0,"8":0},"b":{"0":[0,0],"1":[5],"2":[0,0],"3":[0,0]}}
,"D:\\TUT\\Smart-Campus-Services-Portal-main\\Smart-Campus-Services-Portal\\client\\src\\components\\ui\\input.tsx": {"path":"D:\\TUT\\Smart-Campus-Services-Portal-main\\Smart-Campus-Services-Portal\\client\\src\\components\\ui\\input.tsx","statementMap":{"0":{"start":{"line":1,"column":0},"end":{"line":1,"column":30}},"1":{"start":{"line":3,"column":0},"end":{"line":3,"column":32}},"2":{"start":{"line":5,"column":14},"end":{"line":18,"column":null}},"3":{"start":{"line":6,"column":20},"end":{"line":6,"column":25}},"4":{"start":{"line":6,"column":30},"end":{"line":6,"column":34}},"5":{"start":{"line":7,"column":4},"end":{"line":17,"column":null}},"6":{"start":{"line":22,"column":9},"end":{"line":22,"column":14}},"7":{"start":{"line":20,"column":0},"end":{"line":20,"column":null}}},"fnMap":{"0":{"name":"(anonymous_7)","decl":{"start":{"line":6,"column":2},"end":{"line":6,"column":3}},"loc":{"start":{"line":6,"column":41},"end":{"line":18,"column":3}}}},"branchMap":{},"s":{"0":1,"1":1,"2":1,"3":0,"4":0,"5":0,"6":1,"7":1},"f":{"0":0},"b":{}}
,"D:\\TUT\\Smart-Campus-Services-Portal-main\\Smart-Campus-Services-Portal\\client\\src\\components\\ui\\label.tsx": {"path":"D:\\TUT\\Smart-Campus-Services-Portal-main\\Smart-Campus-Services-Portal\\client\\src\\components\\ui\\label.tsx","statementMap":{"0":{"start":{"line":1,"column":0},"end":{"line":1,"column":30}},"1":{"start":{"line":2,"column":0},"end":{"line":2,"column":55}},"2":{"start":{"line":3,"column":0},"end":{"line":3,"column":65}},"3":{"start":{"line":5,"column":0},"end":{"line":5,"column":32}},"4":{"start":{"line":7,"column":22},"end":{"line":8,"column":null}},"5":{"start":{"line":11,"column":14},"end":{"line":21,"column":2}},"6":{"start":{"line":15,"column":14},"end":{"line":15,"column":19}},"7":{"start":{"line":15,"column":24},"end":{"line":15,"column":28}},"8":{"start":{"line":15,"column":36},"end":{"line":21,"column":2}},"9":{"start":{"line":24,"column":9},"end":{"line":24,"column":14}},"10":{"start":{"line":22,"column":0},"end":{"line":22,"column":null}}},"fnMap":{"0":{"name":"(anonymous_7)","decl":{"start":{"line":15,"column":2},"end":{"line":15,"column":3}},"loc":{"start":{"line":15,"column":35},"end":{"line":21,"column":2}}}},"branchMap":{},"s":{"0":1,"1":1,"2":1,"3":1,"4":1,"5":1,"6":0,"7":0,"8":0,"9":1,"10":1},"f":{"0":0},"b":{}}
,"D:\\TUT\\Smart-Campus-Services-Portal-main\\Smart-Campus-Services-Portal\\client\\src\\components\\ui\\navigation-menu.tsx": {"path":"D:\\TUT\\Smart-Campus-Services-Portal-main\\Smart-Campus-Services-Portal\\client\\src\\components\\ui\\navigation-menu.tsx","statementMap":{"0":{"start":{"line":1,"column":0},"end":{"line":1,"column":30}},"1":{"start":{"line":2,"column":0},"end":{"line":2,"column":74}},"2":{"start":{"line":3,"column":0},"end":{"line":3,"column":46}},"3":{"start":{"line":4,"column":0},"end":{"line":4,"column":42}},"4":{"start":{"line":6,"column":0},"end":{"line":6,"column":32}},"5":{"start":{"line":8,"column":23},"end":{"line":23,"column":2}},"6":{"start":{"line":11,"column":24},"end":{"line":11,"column":29}},"7":{"start":{"line":11,"column":34},"end":{"line":11,"column":38}},"8":{"start":{"line":11,"column":46},"end":{"line":23,"column":2}},"9":{"start":{"line":120,"column":2},"end":{"line":120,"column":16}},"10":{"start":{"line":24,"column":0},"end":{"line":24,"column":null}},"11":{"start":{"line":26,"column":27},"end":{"line":38,"column":2}},"12":{"start":{"line":29,"column":14},"end":{"line":29,"column":19}},"13":{"start":{"line":29,"column":24},"end":{"line":29,"column":28}},"14":{"start":{"line":29,"column":36},"end":{"line":38,"column":2}},"15":{"start":{"line":121,"column":2},"end":{"line":121,"column":20}},"16":{"start":{"line":39,"column":0},"end":{"line":39,"column":null}},"17":{"start":{"line":41,"column":27},"end":{"line":41,"column":55}},"18":{"start":{"line":122,"column":2},"end":{"line":122,"column":20}},"19":{"start":{"line":43,"column":35},"end":{"line":44,"column":null}},"20":{"start":{"line":119,"column":2},"end":{"line":119,"column":28}},"21":{"start":{"line":47,"column":30},"end":{"line":62,"column":2}},"22":{"start":{"line":50,"column":24},"end":{"line":50,"column":29}},"23":{"start":{"line":50,"column":34},"end":{"line":50,"column":38}},"24":{"start":{"line":50,"column":46},"end":{"line":62,"column":2}},"25":{"start":{"line":124,"column":2},"end":{"line":124,"column":23}},"26":{"start":{"line":63,"column":0},"end":{"line":63,"column":null}},"27":{"start":{"line":65,"column":30},"end":{"line":77,"column":2}},"28":{"start":{"line":68,"column":14},"end":{"line":68,"column":19}},"29":{"start":{"line":68,"column":24},"end":{"line":68,"column":28}},"30":{"start":{"line":68,"column":36},"end":{"line":77,"column":2}},"31":{"start":{"line":123,"column":2},"end":{"line":123,"column":23}},"32":{"start":{"line":78,"column":0},"end":{"line":78,"column":null}},"33":{"start":{"line":80,"column":27},"end":{"line":80,"column":55}},"34":{"start":{"line":125,"column":2},"end":{"line":125,"column":20}},"35":{"start":{"line":82,"column":31},"end":{"line":96,"column":2}},"36":{"start":{"line":85,"column":14},"end":{"line":85,"column":19}},"37":{"start":{"line":85,"column":24},"end":{"line":85,"column":28}},"38":{"start":{"line":85,"column":36},"end":{"line":96,"column":2}},"39":{"start":{"line":127,"column":2},"end":{"line":127,"column":24}},"40":{"start":{"line":97,"column":0},"end":{"line":98,"column":null}},"41":{"start":{"line":100,"column":32},"end":{"line":114,"column":2}},"42":{"start":{"line":103,"column":14},"end":{"line":103,"column":19}},"43":{"start":{"line":103,"column":24},"end":{"line":103,"column":28}},"44":{"start":{"line":103,"column":36},"end":{"line":114,"column":2}},"45":{"start":{"line":126,"column":2},"end":{"line":126,"column":25}},"46":{"start":{"line":115,"column":0},"end":{"line":116,"column":null}}},"fnMap":{"0":{"name":"(anonymous_7)","decl":{"start":{"line":11,"column":2},"end":{"line":11,"column":3}},"loc":{"start":{"line":11,"column":45},"end":{"line":23,"column":2}}},"1":{"name":"(anonymous_8)","decl":{"start":{"line":29,"column":2},"end":{"line":29,"column":3}},"loc":{"start":{"line":29,"column":35},"end":{"line":38,"column":2}}},"2":{"name":"(anonymous_9)","decl":{"start":{"line":50,"column":2},"end":{"line":50,"column":3}},"loc":{"start":{"line":50,"column":45},"end":{"line":62,"column":2}}},"3":{"name":"(anonymous_10)","decl":{"start":{"line":68,"column":2},"end":{"line":68,"column":3}},"loc":{"start":{"line":68,"column":35},"end":{"line":77,"column":2}}},"4":{"name":"(anonymous_11)","decl":{"start":{"line":85,"column":2},"end":{"line":85,"column":3}},"loc":{"start":{"line":85,"column":35},"end":{"line":96,"column":2}}},"5":{"name":"(anonymous_12)","decl":{"start":{"line":103,"column":2},"end":{"line":103,"column":3}},"loc":{"start":{"line":103,"column":35},"end":{"line":114,"column":2}}}},"branchMap":{},"s":{"0":1,"1":1,"2":1,"3":1,"4":1,"5":1,"6":6,"7":5,"8":5,"9":1,"10":1,"11":1,"12":6,"13":5,"14":5,"15":1,"16":1,"17":1,"18":1,"19":1,"20":1,"21":1,"22":0,"23":0,"24":0,"25":1,"26":1,"27":1,"28":0,"29":0,"30":0,"31":1,"32":1,"33":1,"34":1,"35":1,"36":5,"37":5,"38":5,"39":1,"40":1,"41":1,"42":0,"43":0,"44":0,"45":1,"46":1},"f":{"0":6,"1":6,"2":0,"3":0,"4":5,"5":0},"b":{}}
,"D:\\TUT\\Smart-Campus-Services-Portal-main\\Smart-Campus-Services-Portal\\client\\src\\components\\ui\\separator.tsx": {"path":"D:\\TUT\\Smart-Campus-Services-Portal-main\\Smart-Campus-Services-Portal\\client\\src\\components\\ui\\separator.tsx","statementMap":{"0":{"start":{"line":1,"column":0},"end":{"line":1,"column":30}},"1":{"start":{"line":2,"column":0},"end":{"line":2,"column":63}},"2":{"start":{"line":4,"column":0},"end":{"line":4,"column":32}},"3":{"start":{"line":6,"column":18},"end":{"line":25,"column":null}},"4":{"start":{"line":11,"column":62},"end":{"line":11,"column":67}},"5":{"start":{"line":11,"column":72},"end":{"line":11,"column":null}},"6":{"start":{"line":13,"column":7},"end":{"line":25,"column":null}},"7":{"start":{"line":29,"column":9},"end":{"line":29,"column":18}},"8":{"start":{"line":27,"column":0},"end":{"line":27,"column":null}}},"fnMap":{"0":{"name":"(anonymous_7)","decl":{"start":{"line":10,"column":2},"end":{"line":10,"column":null}},"loc":{"start":{"line":13,"column":6},"end":{"line":25,"column":null}}}},"branchMap":{"0":{"loc":{"start":{"line":11,"column":17},"end":{"line":11,"column":43}},"type":"default-arg","locations":[{"start":{"line":11,"column":31},"end":{"line":11,"column":43}}]},"1":{"loc":{"start":{"line":11,"column":45},"end":{"line":11,"column":62}},"type":"default-arg","locations":[{"start":{"line":11,"column":58},"end":{"line":11,"column":62}}]},"2":{"loc":{"start":{"line":20,"column":8},"end":{"line":20,"column":74}},"type":"cond-expr","locations":[{"start":{"line":20,"column":39},"end":{"line":20,"column":55}},{"start":{"line":20,"column":58},"end":{"line":20,"column":74}}]}},"s":{"0":1,"1":1,"2":1,"3":1,"4":0,"5":0,"6":0,"7":1,"8":1},"f":{"0":0},"b":{"0":[0],"1":[0],"2":[0,0]}}
,"D:\\TUT\\Smart-Campus-Services-Portal-main\\Smart-Campus-Services-Portal\\client\\src\\components\\ui\\sonner.tsx": {"path":"D:\\TUT\\Smart-Campus-Services-Portal-main\\Smart-Campus-Services-Portal\\client\\src\\components\\ui\\sonner.tsx","statementMap":{"0":{"start":{"line":1,"column":0},"end":{"line":1,"column":38}},"1":{"start":{"line":2,"column":0},"end":{"line":2,"column":28}},"2":{"start":{"line":29,"column":18},"end":{"line":2,"column":49}},"3":{"start":{"line":6,"column":16},"end":{"line":27,"column":1}},"4":{"start":{"line":6,"column":27},"end":{"line":6,"column":43}},"5":{"start":{"line":7,"column":31},"end":{"line":7,"column":41}},"6":{"start":{"line":9,"column":2},"end":{"line":26,"column":null}},"7":{"start":{"line":29,"column":9},"end":{"line":29,"column":16}}},"fnMap":{"0":{"name":"(anonymous_1)","decl":{"start":{"line":29,"column":18},"end":{"line":29,"column":23}},"loc":{"start":{"line":29,"column":18},"end":{"line":2,"column":49}}},"1":{"name":"(anonymous_2)","decl":{"start":{"line":6,"column":16},"end":{"line":6,"column":17}},"loc":{"start":{"line":6,"column":47},"end":{"line":27,"column":1}}}},"branchMap":{"0":{"loc":{"start":{"line":7,"column":10},"end":{"line":7,"column":26}},"type":"default-arg","locations":[{"start":{"line":7,"column":18},"end":{"line":7,"column":26}}]}},"s":{"0":1,"1":1,"2":1,"3":1,"4":4,"5":4,"6":4,"7":1},"f":{"0":0,"1":4},"b":{"0":[4]}}
,"D:\\TUT\\Smart-Campus-Services-Portal-main\\Smart-Campus-Services-Portal\\client\\src\\components\\ui\\switch.tsx": {"path":"D:\\TUT\\Smart-Campus-Services-Portal-main\\Smart-Campus-Services-Portal\\client\\src\\components\\ui\\switch.tsx","statementMap":{"0":{"start":{"line":1,"column":0},"end":{"line":1,"column":30}},"1":{"start":{"line":2,"column":0},"end":{"line":2,"column":58}},"2":{"start":{"line":4,"column":0},"end":{"line":4,"column":32}},"3":{"start":{"line":6,"column":15},"end":{"line":24,"column":2}},"4":{"start":{"line":9,"column":14},"end":{"line":9,"column":19}},"5":{"start":{"line":9,"column":24},"end":{"line":9,"column":28}},"6":{"start":{"line":9,"column":36},"end":{"line":24,"column":2}},"7":{"start":{"line":27,"column":9},"end":{"line":27,"column":15}},"8":{"start":{"line":25,"column":0},"end":{"line":25,"column":null}}},"fnMap":{"0":{"name":"(anonymous_7)","decl":{"start":{"line":9,"column":2},"end":{"line":9,"column":3}},"loc":{"start":{"line":9,"column":35},"end":{"line":24,"column":2}}}},"branchMap":{},"s":{"0":1,"1":1,"2":1,"3":1,"4":0,"5":0,"6":0,"7":1,"8":1},"f":{"0":0},"b":{}}
,"D:\\TUT\\Smart-Campus-Services-Portal-main\\Smart-Campus-Services-Portal\\client\\src\\components\\ui\\table.tsx": {"path":"D:\\TUT\\Smart-Campus-Services-Portal-main\\Smart-Campus-Services-Portal\\client\\src\\components\\ui\\table.tsx","statementMap":{"0":{"start":{"line":1,"column":0},"end":{"line":1,"column":30}},"1":{"start":{"line":3,"column":0},"end":{"line":3,"column":32}},"2":{"start":{"line":5,"column":14},"end":{"line":16,"column":2}},"3":{"start":{"line":8,"column":14},"end":{"line":8,"column":19}},"4":{"start":{"line":8,"column":24},"end":{"line":8,"column":28}},"5":{"start":{"line":8,"column":36},"end":{"line":16,"column":2}},"6":{"start":{"line":109,"column":2},"end":{"line":109,"column":7}},"7":{"start":{"line":17,"column":0},"end":{"line":17,"column":null}},"8":{"start":{"line":19,"column":20},"end":{"line":24,"column":2}},"9":{"start":{"line":22,"column":14},"end":{"line":22,"column":19}},"10":{"start":{"line":22,"column":24},"end":{"line":22,"column":28}},"11":{"start":{"line":22,"column":36},"end":{"line":24,"column":2}},"12":{"start":{"line":110,"column":2},"end":{"line":110,"column":13}},"13":{"start":{"line":25,"column":0},"end":{"line":25,"column":null}},"14":{"start":{"line":27,"column":18},"end":{"line":36,"column":2}},"15":{"start":{"line":30,"column":14},"end":{"line":30,"column":19}},"16":{"start":{"line":30,"column":24},"end":{"line":30,"column":28}},"17":{"start":{"line":30,"column":36},"end":{"line":36,"column":2}},"18":{"start":{"line":111,"column":2},"end":{"line":111,"column":11}},"19":{"start":{"line":37,"column":0},"end":{"line":37,"column":null}},"20":{"start":{"line":39,"column":20},"end":{"line":51,"column":2}},"21":{"start":{"line":42,"column":14},"end":{"line":42,"column":19}},"22":{"start":{"line":42,"column":24},"end":{"line":42,"column":28}},"23":{"start":{"line":42,"column":36},"end":{"line":51,"column":2}},"24":{"start":{"line":112,"column":2},"end":{"line":112,"column":13}},"25":{"start":{"line":52,"column":0},"end":{"line":52,"column":null}},"26":{"start":{"line":54,"column":17},"end":{"line":66,"column":2}},"27":{"start":{"line":57,"column":14},"end":{"line":57,"column":19}},"28":{"start":{"line":57,"column":24},"end":{"line":57,"column":28}},"29":{"start":{"line":57,"column":36},"end":{"line":66,"column":2}},"30":{"start":{"line":114,"column":2},"end":{"line":114,"column":10}},"31":{"start":{"line":67,"column":0},"end":{"line":67,"column":null}},"32":{"start":{"line":69,"column":18},"end":{"line":81,"column":2}},"33":{"start":{"line":72,"column":14},"end":{"line":72,"column":19}},"34":{"start":{"line":72,"column":24},"end":{"line":72,"column":28}},"35":{"start":{"line":72,"column":36},"end":{"line":81,"column":2}},"36":{"start":{"line":113,"column":2},"end":{"line":113,"column":11}},"37":{"start":{"line":82,"column":0},"end":{"line":82,"column":null}},"38":{"start":{"line":84,"column":18},"end":{"line":93,"column":2}},"39":{"start":{"line":87,"column":14},"end":{"line":87,"column":19}},"40":{"start":{"line":87,"column":24},"end":{"line":87,"column":28}},"41":{"start":{"line":87,"column":36},"end":{"line":93,"column":2}},"42":{"start":{"line":115,"column":2},"end":{"line":115,"column":11}},"43":{"start":{"line":94,"column":0},"end":{"line":94,"column":null}},"44":{"start":{"line":96,"column":21},"end":{"line":105,"column":2}},"45":{"start":{"line":99,"column":14},"end":{"line":99,"column":19}},"46":{"start":{"line":99,"column":24},"end":{"line":99,"column":28}},"47":{"start":{"line":99,"column":36},"end":{"line":105,"column":2}},"48":{"start":{"line":116,"column":2},"end":{"line":116,"column":14}},"49":{"start":{"line":106,"column":0},"end":{"line":106,"column":null}}},"fnMap":{"0":{"name":"(anonymous_7)","decl":{"start":{"line":8,"column":2},"end":{"line":8,"column":3}},"loc":{"start":{"line":8,"column":35},"end":{"line":16,"column":2}}},"1":{"name":"(anonymous_8)","decl":{"start":{"line":22,"column":2},"end":{"line":22,"column":3}},"loc":{"start":{"line":22,"column":35},"end":{"line":24,"column":2}}},"2":{"name":"(anonymous_9)","decl":{"start":{"line":30,"column":2},"end":{"line":30,"column":3}},"loc":{"start":{"line":30,"column":35},"end":{"line":36,"column":2}}},"3":{"name":"(anonymous_10)","decl":{"start":{"line":42,"column":2},"end":{"line":42,"column":3}},"loc":{"start":{"line":42,"column":35},"end":{"line":51,"column":2}}},"4":{"name":"(anonymous_11)","decl":{"start":{"line":57,"column":2},"end":{"line":57,"column":3}},"loc":{"start":{"line":57,"column":35},"end":{"line":66,"column":2}}},"5":{"name":"(anonymous_12)","decl":{"start":{"line":72,"column":2},"end":{"line":72,"column":3}},"loc":{"start":{"line":72,"column":35},"end":{"line":81,"column":2}}},"6":{"name":"(anonymous_13)","decl":{"start":{"line":87,"column":2},"end":{"line":87,"column":3}},"loc":{"start":{"line":87,"column":35},"end":{"line":93,"column":2}}},"7":{"name":"(anonymous_14)","decl":{"start":{"line":99,"column":2},"end":{"line":99,"column":3}},"loc":{"start":{"line":99,"column":35},"end":{"line":105,"column":2}}}},"branchMap":{},"s":{"0":1,"1":1,"2":1,"3":1,"4":1,"5":1,"6":1,"7":1,"8":1,"9":1,"10":1,"11":1,"12":1,"13":1,"14":1,"15":1,"16":1,"17":1,"18":1,"19":1,"20":1,"21":0,"22":0,"23":0,"24":1,"25":1,"26":1,"27":6,"28":6,"29":6,"30":1,"31":1,"32":1,"33":5,"34":5,"35":5,"36":1,"37":1,"38":1,"39":25,"40":25,"41":25,"42":1,"43":1,"44":1,"45":0,"46":0,"47":0,"48":1,"49":1},"f":{"0":1,"1":1,"2":1,"3":0,"4":6,"5":5,"6":25,"7":0},"b":{}}
,"D:\\TUT\\Smart-Campus-Services-Portal-main\\Smart-Campus-Services-Portal\\client\\src\\components\\ui\\tabs.tsx": {"path":"D:\\TUT\\Smart-Campus-Services-Portal-main\\Smart-Campus-Services-Portal\\client\\src\\components\\ui\\tabs.tsx","statementMap":{"0":{"start":{"line":1,"column":0},"end":{"line":1,"column":30}},"1":{"start":{"line":2,"column":0},"end":{"line":2,"column":53}},"2":{"start":{"line":4,"column":0},"end":{"line":4,"column":32}},"3":{"start":{"line":6,"column":13},"end":{"line":6,"column":31}},"4":{"start":{"line":53,"column":9},"end":{"line":53,"column":13}},"5":{"start":{"line":8,"column":17},"end":{"line":20,"column":2}},"6":{"start":{"line":11,"column":14},"end":{"line":11,"column":19}},"7":{"start":{"line":11,"column":24},"end":{"line":11,"column":28}},"8":{"start":{"line":11,"column":36},"end":{"line":20,"column":2}},"9":{"start":{"line":53,"column":15},"end":{"line":53,"column":23}},"10":{"start":{"line":21,"column":0},"end":{"line":21,"column":null}},"11":{"start":{"line":23,"column":20},"end":{"line":35,"column":2}},"12":{"start":{"line":26,"column":14},"end":{"line":26,"column":19}},"13":{"start":{"line":26,"column":24},"end":{"line":26,"column":28}},"14":{"start":{"line":26,"column":36},"end":{"line":35,"column":2}},"15":{"start":{"line":53,"column":25},"end":{"line":53,"column":36}},"16":{"start":{"line":36,"column":0},"end":{"line":36,"column":null}},"17":{"start":{"line":38,"column":20},"end":{"line":50,"column":2}},"18":{"start":{"line":41,"column":14},"end":{"line":41,"column":19}},"19":{"start":{"line":41,"column":24},"end":{"line":41,"column":28}},"20":{"start":{"line":41,"column":36},"end":{"line":50,"column":2}},"21":{"start":{"line":53,"column":38},"end":{"line":53,"column":49}},"22":{"start":{"line":51,"column":0},"end":{"line":51,"column":null}}},"fnMap":{"0":{"name":"(anonymous_7)","decl":{"start":{"line":11,"column":2},"end":{"line":11,"column":3}},"loc":{"start":{"line":11,"column":35},"end":{"line":20,"column":2}}},"1":{"name":"(anonymous_8)","decl":{"start":{"line":26,"column":2},"end":{"line":26,"column":3}},"loc":{"start":{"line":26,"column":35},"end":{"line":35,"column":2}}},"2":{"name":"(anonymous_9)","decl":{"start":{"line":41,"column":2},"end":{"line":41,"column":3}},"loc":{"start":{"line":41,"column":35},"end":{"line":50,"column":2}}}},"branchMap":{},"s":{"0":1,"1":1,"2":1,"3":1,"4":1,"5":1,"6":0,"7":0,"8":0,"9":1,"10":1,"11":1,"12":0,"13":0,"14":0,"15":1,"16":1,"17":1,"18":0,"19":0,"20":0,"21":1,"22":1},"f":{"0":0,"1":0,"2":0},"b":{}}
,"D:\\TUT\\Smart-Campus-Services-Portal-main\\Smart-Campus-Services-Portal\\client\\src\\components\\ui\\textarea.tsx": {"path":"D:\\TUT\\Smart-Campus-Services-Portal-main\\Smart-Campus-Services-Portal\\client\\src\\components\\ui\\textarea.tsx","statementMap":{"0":{"start":{"line":1,"column":0},"end":{"line":1,"column":30}},"1":{"start":{"line":3,"column":0},"end":{"line":3,"column":32}},"2":{"start":{"line":8,"column":17},"end":{"line":20,"column":null}},"3":{"start":{"line":9,"column":14},"end":{"line":9,"column":19}},"4":{"start":{"line":9,"column":24},"end":{"line":9,"column":28}},"5":{"start":{"line":10,"column":4},"end":{"line":19,"column":null}},"6":{"start":{"line":24,"column":9},"end":{"line":24,"column":17}},"7":{"start":{"line":22,"column":0},"end":{"line":22,"column":null}}},"fnMap":{"0":{"name":"(anonymous_7)","decl":{"start":{"line":9,"column":2},"end":{"line":9,"column":3}},"loc":{"start":{"line":9,"column":35},"end":{"line":20,"column":3}}}},"branchMap":{},"s":{"0":1,"1":1,"2":1,"3":0,"4":0,"5":0,"6":1,"7":1},"f":{"0":0},"b":{}}
[...]
t":{"line":59,"column":2},"end":{"line":61,"column":3}},"12":{"start":{"line":60,"column":4},"end":{"line":60,"column":10}},"13":{"start":{"line":63,"column":18},"end":{"line":69,"column":24}},"14":{"start":{"line":64,"column":4},"end":{"line":64,"column":null}},"15":{"start":{"line":65,"column":4},"end":{"line":68,"column":null}},"16":{"start":{"line":71,"column":2},"end":{"line":71,"column":null}},"17":{"start":{"line":74,"column":23},"end":{"line":127,"column":1}},"18":{"start":{"line":75,"column":2},"end":{"line":126,"column":3}},"19":{"start":{"line":77,"column":6},"end":{"line":79,"column":null}},"20":{"start":{"line":83,"column":6},"end":{"line":87,"column":null}},"21":{"start":{"line":86,"column":10},"end":{"line":86,"column":66}},"22":{"start":{"line":91,"column":26},"end":{"line":91,"column":32}},"23":{"start":{"line":95,"column":6},"end":{"line":101,"column":7}},"24":{"start":{"line":96,"column":8},"end":{"line":96,"column":null}},"25":{"start":{"line":98,"column":8},"end":{"line":100,"column":null}},"26":{"start":{"line":99,"column":10},"end":{"line":99,"column":null}},"27":{"start":{"line":103,"column":6},"end":{"line":112,"column":null}},"28":{"start":{"line":106,"column":10},"end":{"line":111,"column":15}},"29":{"start":{"line":116,"column":6},"end":{"line":121,"column":7}},"30":{"start":{"line":117,"column":8},"end":{"line":119,"column":null}},"31":{"start":{"line":122,"column":6},"end":{"line":124,"column":null}},"32":{"start":{"line":124,"column":43},"end":{"line":124,"column":66}},"33":{"start":{"line":74,"column":13},"end":{"line":74,"column":23}},"34":{"start":{"line":129,"column":49},"end":{"line":129,"column":51}},"35":{"start":{"line":131,"column":25},"end":{"line":131,"column":39}},"36":{"start":{"line":134,"column":2},"end":{"line":134,"column":null}},"37":{"start":{"line":135,"column":2},"end":{"line":137,"column":null}},"38":{"start":{"line":136,"column":4},"end":{"line":136,"column":null}},"39":{"start":{"line":142,"column":25},"end":{"line":142,"column":34}},"40":{"start":{"line":143,"column":13},"end":{"line":143,"column":20}},"41":{"start":{"line":145,"column":17},"end":{"line":149,"column":6}},"42":{"start":{"line":146,"column":4},"end":{"line":149,"column":6}},"43":{"start":{"line":150,"column":18},"end":{"line":150,"column":72}},"44":{"start":{"line":150,"column":24},"end":{"line":150,"column":72}},"45":{"start":{"line":152,"column":2},"end":{"line":162,"column":null}},"46":{"start":{"line":159,"column":8},"end":{"line":159,"column":null}},"47":{"start":{"line":159,"column":19},"end":{"line":159,"column":null}},"48":{"start":{"line":164,"column":2},"end":{"line":168,"column":null}},"49":{"start":{"line":172,"column":28},"end":{"line":172,"column":62}},"50":{"start":{"line":174,"column":2},"end":{"line":182,"column":null}},"51":{"start":{"line":175,"column":4},"end":{"line":175,"column":null}},"52":{"start":{"line":176,"column":4},"end":{"line":181,"column":null}},"53":{"start":{"line":177,"column":20},"end":{"line":177,"column":47}},"54":{"start":{"line":178,"column":6},"end":{"line":180,"column":7}},"55":{"start":{"line":179,"column":8},"end":{"line":179,"column":null}},"56":{"start":{"line":184,"column":2},"end":{"line":187,"column":null}},"57":{"start":{"line":187,"column":35},"end":{"line":187,"column":79}}},"fnMap":{"0":{"name":"genId","decl":{"start":{"line":27,"column":9},"end":{"line":27,"column":14}},"loc":{"start":{"line":27,"column":14},"end":{"line":30,"column":1}}},"1":{"name":"(anonymous_8)","decl":{"start":{"line":58,"column":25},"end":{"line":58,"column":26}},"loc":{"start":{"line":58,"column":45},"end":{"line":72,"column":1}}},"2":{"name":"(anonymous_9)","decl":{"start":{"line":63,"column":29},"end":{"line":63,"column":32}},"loc":{"start":{"line":63,"column":34},"end":{"line":69,"column":3}}},"3":{"name":"(anonymous_10)","decl":{"start":{"line":74,"column":23},"end":{"line":74,"column":24}},"loc":{"start":{"line":74,"column":63},"end":{"line":127,"column":1}}},"4":{"name":"(anonymous_11)","decl":{"start":{"line":85,"column":33},"end":{"line":85,"column":34}},"loc":{"start":{"line":86,"column":10},"end":{"line":86,"column":66}}},"5":{"name":"(anonymous_12)","decl":{"start":{"line":98,"column":29},"end":{"line":98,"column":30}},"loc":{"start":{"line":98,"column":39},"end":{"line":100,"column":9}}},"6":{"name":"(anonymous_13)","decl":{"start":{"line":105,"column":33},"end":{"line":105,"column":34}},"loc":{"start":{"line":106,"column":10},"end":{"line":111,"column":15}}},"7":{"name":"(anonymous_14)","decl":{"start":{"line":124,"column":36},"end":{"line":124,"column":37}},"loc":{"start":{"line":124,"column":43},"end":{"line":124,"column":66}}},"8":{"name":"dispatch","decl":{"start":{"line":133,"column":9},"end":{"line":133,"column":17}},"loc":{"start":{"line":133,"column":32},"end":{"line":138,"column":1}}},"9":{"name":"(anonymous_16)","decl":{"start":{"line":135,"column":20},"end":{"line":135,"column":21}},"loc":{"start":{"line":135,"column":33},"end":{"line":137,"column":3}}},"10":{"name":"toast","decl":{"start":{"line":142,"column":9},"end":{"line":142,"column":14}},"loc":{"start":{"line":142,"column":34},"end":{"line":169,"column":1}}},"11":{"name":"(anonymous_18)","decl":{"start":{"line":145,"column":17},"end":{"line":145,"column":18}},"loc":{"start":{"line":146,"column":4},"end":{"line":149,"column":6}}},"12":{"name":"(anonymous_19)","decl":{"start":{"line":150,"column":18},"end":{"line":150,"column":21}},"loc":{"start":{"line":150,"column":24},"end":{"line":150,"column":72}}},"13":{"name":"(anonymous_20)","decl":{"start":{"line":158,"column":20},"end":{"line":158,"column":21}},"loc":{"start":{"line":158,"column":29},"end":{"line":160,"column":7}}},"14":{"name":"useToast","decl":{"start":{"line":171,"column":9},"end":{"line":171,"column":17}},"loc":{"start":{"line":171,"column":17},"end":{"line":189,"column":1}}},"15":{"name":"(anonymous_22)","decl":{"start":{"line":174,"column":18},"end":{"line":174,"column":21}},"loc":{"start":{"line":174,"column":23},"end":{"line":182,"column":3}}},"16":{"name":"(anonymous_23)","decl":{"start":{"line":176,"column":11},"end":{"line":176,"column":14}},"loc":{"start":{"line":176,"column":16},"end":{"line":181,"column":5}}},"17":{"name":"(anonymous_24)","decl":{"start":{"line":187,"column":13},"end":{"line":187,"column":14}},"loc":{"start":{"line":187,"column":35},"end":{"line":187,"column":79}}}},"branchMap":{"0":{"loc":{"start":{"line":59,"column":2},"end":{"line":61,"column":3}},"type":"if","locations":[{"start":{"line":59,"column":2},"end":{"line":61,"column":3}}]},"1":{"loc":{"start":{"line":75,"column":2},"end":{"line":126,"column":3}},"type":"switch","locations":[{"start":{"line":76,"column":4},"end":{"line":79,"column":null}},{"start":{"line":82,"column":4},"end":{"line":87,"column":null}},{"start":{"line":90,"column":4},"end":{"line":114,"column":5}},{"start":{"line":115,"column":4},"end":{"line":124,"column":null}}]},"2":{"loc":{"start":{"line":86,"column":10},"end":{"line":86,"column":66}},"type":"cond-expr","locations":[{"start":{"line":86,"column":36},"end":{"line":86,"column":63}},{"start":{"line":86,"column":65},"end":{"line":86,"column":66}}]},"3":{"loc":{"start":{"line":95,"column":6},"end":{"line":101,"column":7}},"type":"if","locations":[{"start":{"line":95,"column":6},"end":{"line":101,"column":7}},{"start":{"line":97,"column":13},"end":{"line":101,"column":7}}]},"4":{"loc":{"start":{"line":106,"column":10},"end":{"line":111,"column":15}},"type":"cond-expr","locations":[{"start":{"line":107,"column":13},"end":{"line":109,"column":null}},{"start":{"line":111,"column":14},"end":{"line":111,"column":15}}]},"5":{"loc":{"start":{"line":106,"column":10},"end":{"line":106,"column":51}},"type":"binary-expr","locations":[{"start":{"line":106,"column":10},"end":{"line":106,"column":26}},{"start":{"line":106,"column":30},"end":{"line":106,"column":51}}]},"6":{"loc":{"start":{"line":116,"column":6},"end":{"line":121,"column":7}},"type":"if","locations":[{"start":{"line":116,"column":6},"end":{"line":121,"column":7}}]},"7":{"loc":{"start":{"line":159,"column":8},"end":{"line":159,"column":null}},"type":"if","locations":[{"start":{"line":159,"column":8},"end":{"line":159,"column":null}}]},"8":{"loc":{"start":{"line":178,"column":6},"end":{"line":180,"column":7}},"type":"if","locations":[{"start":{"line":178,"column":6},"end":{"line":180,"column":7}}]}},"s":{"0":1,"1":1,"2":1,"3":1,"4":1,"5":1,"6":1,"7":0,"8":0,"9":1,"10":1,"11":0,"12":0,"13":0,"14":0,"15":0,"16":0,"17":1,"18":0,"19":0,"20":0,"21":0,"22":0,"23":0,"24":0,"25":0,"26":0,"27":0,"28":0,"29":0,"30":0,"31":0,"32":0,"33":1,"34":1,"35":1,"36":0,"37":0,"38":0,"39":0,"40":0,"41":0,"42":0,"43":0,"44":0,"45":0,"46":0,"47":0,"48":0,"49":22,"50":21,"51":21,"52":21,"53":21,"54":21,"55":21,"56":21,"57":0},"f":{"0":0,"1":0,"2":0,"3":0,"4":0,"5":0,"6":0,"7":0,"8":0,"9":0,"10":0,"11":0,"12":0,"13":0,"14":22,"15":21,"16":21,"17":0},"b":{"0":[0],"1":[0,0,0,0],"2":[0,0],"3":[0,0],"4":[0,0],"5":[0,0],"6":[0],"7":[0],"8":[21]}}
,"D:\\TUT\\Smart-Campus-Services-Portal-main\\Smart-Campus-Services-Portal\\client\\src\\lib\\utils.ts": {"path":"D:\\TUT\\Smart-Campus-Services-Portal-main\\Smart-Campus-Services-Portal\\client\\src\\lib\\utils.ts","statementMap":{"0":{"start":{"line":4,"column":0},"end":{"line":4,"column":16}},"1":{"start":{"line":1,"column":0},"end":{"line":1,"column":44}},"2":{"start":{"line":2,"column":0},"end":{"line":2,"column":40}},"3":{"start":{"line":5,"column":2},"end":{"line":5,"column":null}}},"fnMap":{"0":{"name":"cn","decl":{"start":{"line":4,"column":16},"end":{"line":4,"column":18}},"loc":{"start":{"line":4,"column":42},"end":{"line":6,"column":1}}}},"branchMap":{},"s":{"0":1,"1":1,"2":1,"3":304},"f":{"0":304},"b":{}}
,"D:\\TUT\\Smart-Campus-Services-Portal-main\\Smart-Campus-Services-Portal\\client\\src\\pages\\Dashboard.tsx": {"path":"D:\\TUT\\Smart-Campus-Services-Portal-main\\Smart-Campus-Services-Portal\\client\\src\\pages\\Dashboard.tsx","statementMap":{"0":{"start":{"line":9,"column":0},"end":{"line":9,"column":16}},"1":{"start":{"line":2,"column":0},"end":{"line":2,"column":45}},"2":{"start":{"line":3,"column":0},"end":{"line":3,"column":67}},"3":{"start":{"line":4,"column":0},"end":{"line":4,"column":57}},"4":{"start":{"line":5,"column":0},"end":{"line":5,"column":71}},"5":{"start":{"line":6,"column":0},"end":{"line":6,"column":57}},"6":{"start":{"line":7,"column":0},"end":{"line":7,"column":50}},"7":{"start":{"line":10,"column":2},"end":{"line":25,"column":4}},"8":{"start":{"line":28,"column":0},"end":{"line":28,"column":25}}},"fnMap":{"0":{"name":"Dashboard","decl":{"start":{"line":9,"column":16},"end":{"line":9,"column":25}},"loc":{"start":{"line":9,"column":25},"end":{"line":26,"column":1}}}},"branchMap":{},"s":{"0":1,"1":1,"2":1,"3":1,"4":1,"5":1,"6":1,"7":5,"8":1},"f":{"0":5},"b":{}}
,"D:\\TUT\\Smart-Campus-Services-Portal-main\\Smart-Campus-Services-Portal\\client\\src\\pages\\Grades.tsx": {"path":"D:\\TUT\\Smart-Campus-Services-Portal-main\\Smart-Campus-Services-Portal\\client\\src\\pages\\Grades.tsx","statementMap":{"0":{"start":{"line":45,"column":0},"end":{"line":45,"column":16}},"1":{"start":{"line":2,"column":0},"end":{"line":2,"column":45}},"2":{"start":{"line":3,"column":0},"end":{"line":3,"column":53}},"3":{"start":{"line":4,"column":0},"end":{"line":4,"column":80}},"4":{"start":{"line":5,"column":0},"end":{"line":5,"column":102}},"5":{"start":{"line":7,"column":21},"end":{"line":43,"column":2}},"6":{"start":{"line":46,"column":2},"end":{"line":119,"column":4}},"7":{"start":{"line":103,"column":22},"end":{"line":103,"column":null}},"8":{"start":{"line":122,"column":0},"end":{"line":122,"column":22}}},"fnMap":{"0":{"name":"Grades","decl":{"start":{"line":45,"column":16},"end":{"line":45,"column":22}},"loc":{"start":{"line":45,"column":22},"end":{"line":120,"column":1}}},"1":{"name":"(anonymous_1)","decl":{"start":{"line":102,"column":38},"end":{"line":102,"column":39}},"loc":{"start":{"line":103,"column":22},"end":{"line":103,"column":null}}}},"branchMap":{},"s":{"0":1,"1":1,"2":1,"3":1,"4":1,"5":1,"6":1,"7":5,"8":1},"f":{"0":1,"1":5},"b":{}}
,"D:\\TUT\\Smart-Campus-Services-Portal-main\\Smart-Campus-Services-Portal\\client\\src\\pages\\NotFound.tsx": {"path":"D:\\TUT\\Smart-Campus-Services-Portal-main\\Smart-Campus-Services-Portal\\client\\src\\pages\\NotFound.tsx","statementMap":{"0":{"start":{"line":1,"column":0},"end":{"line":1,"column":47}},"1":{"start":{"line":2,"column":0},"end":{"line":2,"column":34}},"2":{"start":{"line":4,"column":17},"end":{"line":25,"column":1}},"3":{"start":{"line":5,"column":19},"end":{"line":5,"column":32}},"4":{"start":{"line":7,"column":2},"end":{"line":12,"column":26}},"5":{"start":{"line":8,"column":4},"end":{"line":11,"column":6}},"6":{"start":{"line":14,"column":2},"end":{"line":24,"column":4}},"7":{"start":{"line":27,"column":0},"end":{"line":27,"column":24}}},"fnMap":{"0":{"name":"(anonymous_0)","decl":{"start":{"line":4,"column":17},"end":{"line":4,"column":20}},"loc":{"start":{"line":4,"column":22},"end":{"line":25,"column":1}}},"1":{"name":"(anonymous_1)","decl":{"start":{"line":7,"column":12},"end":{"line":7,"column":15}},"loc":{"start":{"line":7,"column":17},"end":{"line":12,"column":3}}}},"branchMap":{},"s":{"0":1,"1":1,"2":1,"3":0,"4":0,"5":0,"6":0,"7":1},"f":{"0":0,"1":0},"b":{}}
,"D:\\TUT\\Smart-Campus-Services-Portal-main\\Smart-Campus-Services-Portal\\client\\src\\pages\\Profile.tsx": {"path":"D:\\TUT\\Smart-Campus-Services-Portal-main\\Smart-Campus-Services-Portal\\client\\src\\pages\\Profile.tsx","statementMap":{"0":{"start":{"line":12,"column":0},"end":{"line":12,"column":16}},"1":{"start":{"line":2,"column":0},"end":{"line":2,"column":45}},"2":{"start":{"line":3,"column":0},"end":{"line":3,"column":53}},"3":{"start":{"line":4,"column":0},"end":{"line":4,"column":48}},"4":{"start":{"line":5,"column":0},"end":{"line":5,"column":109}},"5":{"start":{"line":6,"column":0},"end":{"line":6,"column":46}},"6":{"start":{"line":7,"column":0},"end":{"line":7,"column":46}},"7":{"start":{"line":8,"column":0},"end":{"line":8,"column":80}},"8":{"start":{"line":9,"column":0},"end":{"line":9,"column":52}},"9":{"start":{"line":10,"column":0},"end":{"line":10,"column":77}},"10":{"start":{"line":13,"column":2},"end":{"line":173,"column":4}},"11":{"start":{"line":176,"column":0},"end":{"line":176,"column":23}}},"fnMap":{"0":{"name":"Profile","decl":{"start":{"line":12,"column":16},"end":{"line":12,"column":23}},"loc":{"start":{"line":12,"column":23},"end":{"line":174,"column":1}}}},"branchMap":{},"s":{"0":1,"1":1,"2":1,"3":1,"4":1,"5":1,"6":1,"7":1,"8":1,"9":1,"10":0,"11":1},"f":{"0":0},"b":{}}
,"D:\\TUT\\Smart-Campus-Services-Portal-main\\Smart-Campus-Services-Portal\\client\\src\\pages\\Resources.tsx": {"path":"D:\\TUT\\Smart-Campus-Services-Portal-main\\Smart-Campus-Services-Portal\\client\\src\\pages\\Resources.tsx","statementMap":{"0":{"start":{"line":52,"column":0},"end":{"line":52,"column":16}},"1":{"start":{"line":2,"column":0},"end":{"line":2,"column":45}},"2":{"start":{"line":3,"column":0},"end":{"line":3,"column":53}},"3":{"start":{"line":4,"column":0},"end":{"line":4,"column":80}},"4":{"start":{"line":5,"column":0},"end":{"line":5,"column":46}},"5":{"start":{"line":7,"column":0},"end":{"line":7,"column":64}},"6":{"start":{"line":9,"column":18},"end":{"line":50,"column":2}},"7":{"start":{"line":53,"column":2},"end":{"line":165,"column":4}},"8":{"start":{"line":128,"column":24},"end":{"line":129,"column":null}},"9":{"start":{"line":168,"column":0},"end":{"line":168,"column":25}}},"fnMap":{"0":{"name":"Resources","decl":{"start":{"line":52,"column":16},"end":{"line":52,"column":25}},"loc":{"start":{"line":52,"column":25},"end":{"line":166,"column":1}}},"1":{"name":"(anonymous_1)","decl":{"start":{"line":127,"column":37},"end":{"line":127,"column":38}},"loc":{"start":{"line":128,"column":24},"end":{"line":129,"column":null}}}},"branchMap":{"0":{"loc":{"start":{"line":134,"column":31},"end":{"line":134,"column":106}},"type":"binary-expr","locations":[{"start":{"line":134,"column":31},"end":{"line":134,"column":56}},{"start":{"line":134,"column":60},"end":{"line":134,"column":106}}]},"1":{"loc":{"start":{"line":135,"column":31},"end":{"line":135,"column":104}},"type":"binary-expr","locations":[{"start":{"line":135,"column":31},"end":{"line":135,"column":57}},{"start":{"line":135,"column":61},"end":{"line":135,"column":104}}]},"2":{"loc":{"start":{"line":136,"column":31},"end":{"line":136,"column":108}},"type":"binary-expr","locations":[{"start":{"line":136,"column":31},"end":{"line":136,"column":60}},{"start":{"line":136,"column":64},"end":{"line":136,"column":108}}]}},"s":{"0":1,"1":1,"2":1,"3":1,"4":1,"5":1,"6":1,"7":0,"8":0,"9":1},"f":{"0":0,"1":0},"b":{"0":[0,0],"1":[0,0],"2":[0,0]}}
,"D:\\TUT\\Smart-Campus-Services-Portal-main\\Smart-Campus-Services-Portal\\client\\src\\pages\\Schedule.tsx": {"path":"D:\\TUT\\Smart-Campus-Services-Portal-main\\Smart-Campus-Services-Portal\\client\\src\\pages\\Schedule.tsx","statementMap":{"0":{"start":{"line":7,"column":0},"end":{"line":7,"column":16}},"1":{"start":{"line":2,"column":0},"end":{"line":2,"column":45}},"2":{"start":{"line":3,"column":0},"end":{"line":3,"column":53}},"3":{"start":{"line":4,"column":0},"end":{"line":4,"column":80}},"4":{"start":{"line":5,"column":0},"end":{"line":5,"column":80}},"5":{"start":{"line":8,"column":2},"end":{"line":115,"column":4}},"6":{"start":{"line":118,"column":0},"end":{"line":118,"column":24}}},"fnMap":{"0":{"name":"Schedule","decl":{"start":{"line":7,"column":16},"end":{"line":7,"column":24}},"loc":{"start":{"line":7,"column":24},"end":{"line":116,"column":1}}}},"branchMap":{},"s":{"0":1,"1":1,"2":1,"3":1,"4":1,"5":0,"6":1},"f":{"0":0},"b":{}}
,"D:\\TUT\\Smart-Campus-Services-Portal-main\\Smart-Campus-Services-Portal\\client\\src\\pages\\Settings.tsx": {"path":"D:\\TUT\\Smart-Campus-Services-Portal-main\\Smart-Campus-Services-Portal\\client\\src\\pages\\Settings.tsx","statementMap":{"0":{"start":{"line":11,"column":0},"end":{"line":11,"column":16}},"1":{"start":{"line":2,"column":0},"end":{"line":2,"column":45}},"2":{"start":{"line":3,"column":0},"end":{"line":3,"column":53}},"3":{"start":{"line":4,"column":0},"end":{"line":4,"column":80}},"4":{"start":{"line":5,"column":0},"end":{"line":5,"column":48}},"5":{"start":{"line":6,"column":0},"end":{"line":6,"column":54}},"6":{"start":{"line":7,"column":0},"end":{"line":7,"column":48}},"7":{"start":{"line":8,"column":0},"end":{"line":8,"column":31}},"8":{"start":{"line":9,"column":0},"end":{"line":9,"column":33}},"9":{"start":{"line":12,"column":54},"end":{"line":12,"column":68}},"10":{"start":{"line":13,"column":50},"end":{"line":13,"column":65}},"11":{"start":{"line":14,"column":34},"end":{"line":14,"column":49}},"12":{"start":{"line":15,"column":34},"end":{"line":15,"column":53}},"13":{"start":{"line":16,"column":44},"end":{"line":16,"column":59}},"14":{"start":{"line":18,"column":28},"end":{"line":20,"column":3}},"15":{"start":{"line":19,"column":4},"end":{"line":19,"column":49}},"16":{"start":{"line":22,"column":2},"end":{"line":129,"column":4}},"17":{"start":{"line":84,"column":37},"end":{"line":84,"column":64}},"18":{"start":{"line":132,"column":0},"end":{"line":132,"column":24}}},"fnMap":{"0":{"name":"Settings","decl":{"start":{"line":11,"column":16},"end":{"line":11,"column":24}},"loc":{"start":{"line":11,"column":24},"end":{"line":130,"column":1}}},"1":{"name":"(anonymous_1)","decl":{"start":{"line":18,"column":28},"end":{"line":18,"column":31}},"loc":{"start":{"line":18,"column":33},"end":{"line":20,"column":3}}},"2":{"name":"(anonymous_2)","decl":{"start":{"line":84,"column":30},"end":{"line":84,"column":31}},"loc":{"start":{"line":84,"column":37},"end":{"line":84,"column":64}}}},"branchMap":{},"s":{"0":1,"1":1,"2":1,"3":1,"4":1,"5":1,"6":1,"7":1,"8":1,"9":0,"10":0,"11":0,"12":0,"13":0,"14":0,"15":0,"16":0,"17":0,"18":1},"f":{"0":0,"1":0,"2":0},"b":{}}
}
