TN:
SF:src\App.tsx
FN:17,(anonymous_1)
FNF:1
FNH:1
FNDA:5,(anonymous_1)
DA:2,1
DA:3,1
DA:4,1
DA:5,1
DA:6,1
DA:7,1
DA:8,1
DA:9,1
DA:10,1
DA:11,1
DA:12,1
DA:13,1
DA:15,1
DA:17,1
DA:18,5
DA:38,1
LF:16
LH:16
BRF:0
BRH:0
end_of_record
TN:
SF:src\components\DashboardOverview.tsx
FN:5,DashboardOverview
FNF:1
FNH:1
FNDA:4,DashboardOverview
DA:2,1
DA:3,1
DA:5,1
DA:6,4
LF:4
LH:4
BRF:0
BRH:0
end_of_record
TN:
SF:src\components\Header.tsx
FN:20,Header
FN:24,(anonymous_1)
FN:31,(anonymous_2)
FN:37,(anonymous_3)
FNF:4
FNH:1
FNDA:6,Header
FNDA:0,(anonymous_1)
FNDA:0,(anonymous_2)
FNDA:0,(anonymous_3)
DA:2,1
DA:3,1
DA:4,1
DA:5,1
DA:13,1
DA:14,1
DA:15,1
DA:16,1
DA:17,1
DA:18,1
DA:20,1
DA:21,6
DA:22,5
DA:24,5
DA:25,0
DA:31,5
DA:32,0
DA:37,0
DA:40,5
LF:19
LH:16
BRDA:50,0,0,4
BRDA:50,0,1,1
BRDA:62,1,0,1
BRDA:62,1,1,4
BRDA:74,2,0,0
BRDA:74,2,1,5
BRDA:86,3,0,0
BRDA:86,3,1,5
BRF:8
BRH:6
end_of_record
TN:
SF:src\components\Navigation.tsx
FN:22,Navigation
FN:30,(anonymous_1)
FNF:2
FNH:2
FNDA:1,Navigation
FNDA:6,(anonymous_1)
DA:2,1
DA:3,1
DA:4,1
DA:5,1
DA:13,1
DA:22,1
DA:23,1
DA:31,6
DA:32,6
LF:9
LH:9
BRDA:38,0,0,1
BRDA:38,0,1,5
BRF:2
BRH:2
end_of_record
TN:
SF:src\components\QuickActions.tsx
FN:8,QuickActions
FN:12,(anonymous_1)
FN:20,(anonymous_2)
FN:28,(anonymous_3)
FN:36,(anonymous_4)
FNF:5
FNH:1
FNDA:4,QuickActions
FNDA:0,(anonymous_1)
FNDA:0,(anonymous_2)
FNDA:0,(anonymous_3)
FNDA:0,(anonymous_4)
DA:2,1
DA:3,1
DA:4,1
DA:5,1
DA:6,1
DA:8,1
DA:9,4
DA:10,4
DA:12,4
DA:13,0
DA:14,0
DA:20,4
DA:21,0
DA:22,0
DA:28,4
DA:29,0
DA:30,0
DA:36,4
DA:37,0
DA:38,0
DA:44,4
LF:21
LH:13
BRF:0
BRH:0
end_of_record
TN:
SF:src\components\RecentNotifications.tsx
FN:43,RecentNotifications
FN:48,(anonymous_1)
FN:51,(anonymous_2)
FN:52,(anonymous_3)
FN:77,(anonymous_4)
FN:81,(anonymous_5)
FNF:6
FNH:2
FNDA:4,RecentNotifications
FNDA:0,(anonymous_1)
FNDA:0,(anonymous_2)
FNDA:0,(anonymous_3)
FNDA:12,(anonymous_4)
FNDA:0,(anonymous_5)
DA:2,1
DA:3,1
DA:4,1
DA:5,1
DA:16,1
DA:43,1
DA:44,4
DA:45,4
DA:46,4
DA:48,4
DA:50,0
DA:51,0
DA:52,0
DA:53,0
DA:59,0
DA:60,0
DA:64,0
DA:70,4
DA:78,12
DA:81,0
LF:20
LH:12
BRDA:50,0,0,0
BRDA:53,1,0,0
BRDA:53,1,1,0
BRDA:59,2,0,0
BRDA:83,3,0,12
BRDA:83,3,1,8
BRF:6
BRH:2
end_of_record
TN:
SF:src\components\StudentStats.tsx
FN:36,StudentStats
FN:70,(anonymous_1)
FN:72,(anonymous_2)
FNF:3
FNH:2
FNDA:4,StudentStats
FNDA:0,(anonymous_1)
FNDA:20,(anonymous_2)
DA:2,1
DA:3,1
DA:4,1
DA:11,1
DA:19,1
DA:28,1
DA:36,1
DA:37,4
DA:39,4
DA:70,0
DA:73,20
LF:11
LH:10
BRF:0
BRH:0
end_of_record
TN:
SF:src\components\TutLogo.tsx
FN:4,TutLogo
FNF:1
FNH:1
FNDA:6,TutLogo
DA:4,1
DA:5,6
LF:2
LH:2
BRF:0
BRH:0
end_of_record
TN:
SF:src\components\ui\avatar.tsx
FN:9,(anonymous_7)
FN:24,(anonymous_8)
FN:36,(anonymous_9)
FNF:3
FNH:3
FNDA:5,(anonymous_7)
FNDA:5,(anonymous_8)
FNDA:5,(anonymous_9)
DA:1,1
DA:2,1
DA:4,1
DA:6,1
DA:9,5
DA:19,1
DA:21,1
DA:24,5
DA:31,1
DA:33,1
DA:36,5
DA:46,1
DA:48,1
LF:13
LH:13
BRF:0
BRH:0
end_of_record
TN:
SF:src\components\ui\button.tsx
FN:43,(anonymous_7)
FNF:1
FNH:1
FNDA:31,(anonymous_7)
DA:1,1
DA:2,1
DA:3,1
DA:5,1
DA:7,1
DA:42,1
DA:43,31
DA:44,31
DA:45,31
DA:54,1
DA:56,1
LF:11
LH:11
BRDA:43,0,0,31
BRDA:44,1,0,0
BRDA:44,1,1,31
BRF:3
BRH:2
end_of_record
TN:
SF:src\components\ui\card.tsx
FN:8,(anonymous_7)
FN:23,(anonymous_8)
FN:35,(anonymous_9)
FN:50,(anonymous_10)
FN:62,(anonymous_11)
FN:70,(anonymous_12)
FNF:6
FNH:5
FNDA:34,(anonymous_7)
FNDA:34,(anonymous_8)
FNDA:34,(anonymous_9)
FNDA:12,(anonymous_10)
FNDA:34,(anonymous_11)
FNDA:0,(anonymous_12)
DA:1,1
DA:3,1
DA:5,1
DA:8,34
DA:18,1
DA:20,1
DA:23,34
DA:30,1
DA:32,1
DA:35,34
DA:45,1
DA:47,1
DA:50,12
DA:57,1
DA:59,1
DA:62,34
DA:65,1
DA:67,1
DA:70,0
DA:77,1
DA:79,1
LF:21
LH:20
BRF:0
BRH:0
end_of_record
TN:
SF:src\components\ui\chart.tsx
FN:25,useChart
FN:43,(anonymous_8)
FN:68,(anonymous_9)
FN:70,(anonymous_10)
FN:82,(anonymous_11)
FN:85,(anonymous_12)
FN:114,(anonymous_13)
FN:134,(anonymous_14)
FN:186,(anonymous_15)
FN:267,(anonymous_16)
FN:286,(anonymous_17)
FN:318,getPayloadConfigFromPayload
FNF:12
FNH:5
FNDA:0,useChart
FNDA:12,(anonymous_8)
FNDA:12,(anonymous_9)
FNDA:16,(anonymous_10)
FNDA:24,(anonymous_11)
FNDA:32,(anonymous_12)
FNDA:0,(anonymous_13)
FNDA:0,(anonymous_14)
FNDA:0,(anonymous_15)
FNDA:0,(anonymous_16)
FNDA:0,(anonymous_17)
FNDA:0,getPayloadConfigFromPayload
DA:1,1
DA:2,1
DA:4,1
DA:7,1
DA:23,1
DA:26,0
DA:28,0
DA:29,0
DA:32,0
DA:35,1
DA:43,12
DA:44,12
DA:45,12
DA:47,12
DA:66,1
DA:68,1
DA:69,12
DA:70,16
DA:73,12
DA:74,0
DA:77,12
DA:82,24
DA:87,32
DA:89,32
DA:101,1
DA:103,1
DA:132,0
DA:134,0
DA:135,0
DA:136,0
DA:139,0
DA:140,0
DA:141,0
DA:143,0
DA:147,0
DA:148,0
DA:155,0
DA:156,0
DA:159,0
DA:170,0
DA:171,0
DA:174,0
DA:176,0
DA:187,0
DA:188,0
DA:189,0
DA:191,0
DA:255,1
DA:257,1
DA:259,1
DA:271,0
DA:273,0
DA:274,0
DA:277,0
DA:287,0
DA:288,0
DA:290,0
DA:315,1
DA:323,0
DA:324,0
DA:328,0
DA:334,0
DA:336,0
DA:340,0
DA:341,0
DA:346,0
DA:351,0
DA:357,1
DA:358,1
DA:359,1
DA:360,1
DA:361,1
DA:362,1
LF:73
LH:31
BRDA:28,0,0,0
BRDA:45,1,0,12
BRDA:45,1,1,12
BRDA:70,2,0,16
BRDA:70,2,1,0
BRDA:73,3,0,0
BRDA:87,4,0,32
BRDA:87,4,1,0
BRDA:87,5,0,0
BRDA:87,5,1,32
BRDA:87,6,0,32
BRDA:87,6,1,32
BRDA:89,7,0,32
BRDA:89,7,1,0
BRDA:119,8,0,0
BRDA:120,9,0,0
BRDA:121,10,0,0
BRDA:135,11,0,0
BRDA:135,12,0,0
BRDA:135,12,1,0
BRDA:135,13,0,0
BRDA:135,13,1,0
BRDA:135,14,0,0
BRDA:135,14,1,0
BRDA:140,15,0,0
BRDA:140,15,1,0
BRDA:140,15,2,0
BRDA:140,15,3,0
BRDA:143,16,0,0
BRDA:143,16,1,0
BRDA:143,17,0,0
BRDA:143,17,1,0
BRDA:144,18,0,0
BRDA:144,18,1,0
BRDA:144,19,0,0
BRDA:144,19,1,0
BRDA:144,20,0,0
BRDA:144,20,1,0
BRDA:145,21,0,0
BRDA:145,21,1,0
BRDA:145,22,0,0
BRDA:145,22,1,0
BRDA:147,23,0,0
BRDA:155,24,0,0
BRDA:170,25,0,0
BRDA:170,26,0,0
BRDA:170,26,1,0
BRDA:170,27,0,0
BRDA:170,27,1,0
BRDA:170,28,0,0
BRDA:170,28,1,0
BRDA:174,29,0,0
BRDA:174,29,1,0
BRDA:184,30,0,0
BRDA:184,30,1,0
BRDA:187,31,0,0
BRDA:187,31,1,0
BRDA:187,31,2,0
BRDA:187,31,3,0
BRDA:189,32,0,0
BRDA:189,32,1,0
BRDA:189,32,2,0
BRDA:196,33,0,0
BRDA:196,33,1,0
BRDA:199,34,0,0
BRDA:199,34,1,0
BRDA:199,35,0,0
BRDA:199,35,1,0
BRDA:199,35,2,0
BRDA:199,36,0,0
BRDA:199,36,1,0
BRDA:199,37,0,0
BRDA:199,37,1,0
BRDA:203,38,0,0
BRDA:203,38,1,0
BRDA:203,39,0,0
BRDA:203,39,1,0
BRDA:203,40,0,0
BRDA:203,40,1,0
BRDA:206,41,0,0
BRDA:206,41,1,0
BRDA:215,42,0,0
BRDA:215,42,1,0
BRDA:230,43,0,0
BRDA:230,43,1,0
BRDA:234,44,0,0
BRDA:234,44,1,0
BRDA:236,45,0,0
BRDA:236,45,1,0
BRDA:236,46,0,0
BRDA:236,46,1,0
BRDA:236,47,0,0
BRDA:236,47,1,0
BRDA:239,48,0,0
BRDA:239,48,1,0
BRDA:268,49,0,0
BRDA:268,50,0,0
BRDA:273,51,0,0
BRDA:273,52,0,0
BRDA:273,52,1,0
BRDA:273,53,0,0
BRDA:273,53,1,0
BRDA:282,54,0,0
BRDA:282,54,1,0
BRDA:287,55,0,0
BRDA:287,55,1,0
BRDA:287,55,2,0
BRDA:297,56,0,0
BRDA:297,56,1,0
BRDA:297,57,0,0
BRDA:297,57,1,0
BRDA:297,58,0,0
BRDA:297,58,1,0
BRDA:297,59,0,0
BRDA:297,59,1,0
BRDA:307,60,0,0
BRDA:307,60,1,0
BRDA:307,61,0,0
BRDA:307,61,1,0
BRDA:323,62,0,0
BRDA:323,63,0,0
BRDA:323,63,1,0
BRDA:328,64,0,0
BRDA:328,64,1,0
BRDA:328,65,0,0
BRDA:328,65,1,0
BRDA:328,65,2,0
BRDA:336,66,0,0
BRDA:336,66,1,0
BRDA:337,67,0,0
BRDA:337,67,1,0
BRDA:341,68,0,0
BRDA:342,69,0,0
BRDA:342,69,1,0
BRDA:342,69,2,0
BRDA:351,70,0,0
BRDA:351,70,1,0
BRF:137
BRH:8
end_of_record
TN:
SF:src\components\ui\dropdown-menu.tsx
FN:24,(anonymous_7)
FN:44,(anonymous_8)
FN:60,(anonymous_9)
FN:80,(anonymous_10)
FN:96,(anonymous_11)
FN:120,(anonymous_12)
FN:144,(anonymous_13)
FN:160,(anonymous_14)
FN:169,(anonymous_15)
FNF:9
FNH:1
FNDA:0,(anonymous_7)
FNDA:0,(anonymous_8)
FNDA:5,(anonymous_9)
FNDA:0,(anonymous_10)
FNDA:0,(anonymous_11)
FNDA:0,(anonymous_12)
FNDA:0,(anonymous_13)
FNDA:0,(anonymous_14)
FNDA:0,(anonymous_15)
DA:1,1
DA:2,1
DA:3,1
DA:5,1
DA:7,1
DA:9,1
DA:11,1
DA:13,1
DA:15,1
DA:17,1
DA:19,1
DA:24,0
DA:38,1
DA:41,1
DA:44,0
DA:54,1
DA:57,1
DA:60,5
DA:73,1
DA:75,1
DA:80,0
DA:91,1
DA:93,1
DA:96,0
DA:114,1
DA:117,1
DA:120,0
DA:137,1
DA:139,1
DA:144,0
DA:155,1
DA:157,1
DA:160,0
DA:167,1
DA:169,1
DA:170,0
DA:171,0
DA:173,0
DA:180,1
DA:183,1
DA:184,1
DA:185,1
DA:186,1
DA:187,1
DA:188,1
DA:189,1
DA:190,1
DA:191,1
DA:192,1
DA:193,1
DA:194,1
DA:195,1
DA:196,1
DA:197,1
LF:54
LH:44
BRDA:29,0,0,0
BRDA:29,0,1,0
BRDA:60,1,0,5
BRDA:85,2,0,0
BRDA:85,2,1,0
BRDA:149,3,0,0
BRDA:149,3,1,0
BRF:7
BRH:1
end_of_record
TN:
SF:src\components\ui\input.tsx
FN:6,(anonymous_7)
FNF:1
FNH:0
FNDA:0,(anonymous_7)
DA:1,1
DA:3,1
DA:5,1
DA:6,0
DA:7,0
DA:20,1
DA:22,1
LF:7
LH:5
BRF:0
BRH:0
end_of_record
TN:
SF:src\components\ui\label.tsx
FN:15,(anonymous_7)
FNF:1
FNH:0
FNDA:0,(anonymous_7)
DA:1,1
DA:2,1
DA:3,1
DA:5,1
DA:7,1
DA:11,1
DA:15,0
DA:22,1
DA:24,1
LF:9
LH:8
BRF:0
BRH:0
end_of_record
TN:
SF:src\components\ui\navigation-menu.tsx
FN:11,(anonymous_7)
FN:29,(anonymous_8)
FN:50,(anonymous_9)
FN:68,(anonymous_10)
FN:85,(anonymous_11)
FN:103,(anonymous_12)
FNF:6
FNH:3
FNDA:6,(anonymous_7)
FNDA:6,(anonymous_8)
FNDA:0,(anonymous_9)
FNDA:0,(anonymous_10)
FNDA:5,(anonymous_11)
FNDA:0,(anonymous_12)
DA:1,1
DA:2,1
DA:3,1
DA:4,1
DA:6,1
DA:8,1
DA:11,6
DA:24,1
DA:26,1
DA:29,6
DA:39,1
DA:41,1
DA:43,1
DA:47,1
DA:50,0
DA:63,1
DA:65,1
DA:68,0
DA:78,1
DA:80,1
DA:82,1
DA:85,5
DA:97,1
DA:100,1
DA:103,0
DA:115,1
DA:119,1
DA:120,1
DA:121,1
DA:122,1
DA:123,1
DA:124,1
DA:125,1
DA:126,1
DA:127,1
LF:35
LH:32
BRF:0
BRH:0
end_of_record
TN:
SF:src\components\ui\separator.tsx
FN:10,(anonymous_7)
FNF:1
FNH:0
FNDA:0,(anonymous_7)
DA:1,1
DA:2,1
DA:4,1
DA:6,1
DA:11,0
DA:13,0
DA:27,1
DA:29,1
LF:8
LH:6
BRDA:11,0,0,0
BRDA:11,1,0,0
BRDA:20,2,0,0
BRDA:20,2,1,0
BRF:4
BRH:0
end_of_record
TN:
SF:src\components\ui\sonner.tsx
FN:29,(anonymous_1)
FN:6,(anonymous_2)
FNF:2
FNH:1
FNDA:0,(anonymous_1)
FNDA:4,(anonymous_2)
DA:1,1
DA:2,1
DA:6,4
DA:7,4
DA:9,4
DA:29,1
LF:6
LH:6
BRDA:7,0,0,4
BRF:1
BRH:1
end_of_record
TN:
SF:src\components\ui\switch.tsx
FN:9,(anonymous_7)
FNF:1
FNH:0
FNDA:0,(anonymous_7)
DA:1,1
DA:2,1
DA:4,1
DA:6,1
DA:9,0
DA:25,1
DA:27,1
LF:7
LH:6
BRF:0
BRH:0
end_of_record
TN:
SF:src\components\ui\table.tsx
FN:8,(anonymous_7)
FN:22,(anonymous_8)
FN:30,(anonymous_9)
FN:42,(anonymous_10)
FN:57,(anonymous_11)
FN:72,(anonymous_12)
FN:87,(anonymous_13)
FN:99,(anonymous_14)
FNF:8
FNH:6
FNDA:1,(anonymous_7)
FNDA:1,(anonymous_8)
FNDA:1,(anonymous_9)
FNDA:0,(anonymous_10)
FNDA:6,(anonymous_11)
FNDA:5,(anonymous_12)
FNDA:25,(anonymous_13)
FNDA:0,(anonymous_14)
DA:1,1
DA:3,1
DA:5,1
DA:8,1
DA:17,1
DA:19,1
DA:22,1
DA:25,1
DA:27,1
DA:30,1
DA:37,1
DA:39,1
DA:42,0
DA:52,1
DA:54,1
DA:57,6
DA:67,1
DA:69,1
DA:72,5
DA:82,1
DA:84,1
DA:87,25
DA:94,1
DA:96,1
DA:99,0
DA:106,1
DA:109,1
DA:110,1
DA:111,1
DA:112,1
DA:113,1
DA:114,1
DA:115,1
DA:116,1
LF:34
LH:32
BRF:0
BRH:0
end_of_record
TN:
SF:src\components\ui\tabs.tsx
FN:11,(anonymous_7)
FN:26,(anonymous_8)
FN:41,(anonymous_9)
FNF:3
FNH:0
FNDA:0,(anonymous_7)
FNDA:0,(anonymous_8)
FNDA:0,(anonymous_9)
DA:1,1
DA:2,1
DA:4,1
DA:6,1
DA:8,1
DA:11,0
DA:21,1
DA:23,1
DA:26,0
DA:36,1
DA:38,1
DA:41,0
DA:51,1
DA:53,1
LF:14
LH:11
BRF:0
BRH:0
end_of_record
TN:
SF:src\components\ui\textarea.tsx
FN:9,(anonymous_7)
FNF:1
FNH:0
FNDA:0,(anonymous_7)
DA:1,1
DA:3,1
DA:8,1
DA:9,0
DA:10,0
DA:22,1
DA:24,1
LF:7
LH:5
BRF:0
BRH:0
end_of_record
TN:
SF:src\components\ui\toast.tsx
FN:13,(anonymous_7)
FN:45,(anonymous_8)
FN:59,(anonymous_9)
FN:74,(anonymous_10)
FN:92,(anonymous_11)
FN:104,(anonymous_12)
FNF:6
FNH:1
FNDA:8,(anonymous_7)
FNDA:0,(anonymous_8)
FNDA:0,(anonymous_9)
FNDA:0,(anonymous_10)
FNDA:0,(anonymous_11)
FNDA:0,(anonymous_12)
DA:1,1
DA:2,1
DA:3,1
DA:4,1
DA:6,1
DA:8,1
DA:10,1
DA:13,8
DA:23,1
DA:25,1
DA:41,1
DA:45,0
DA:46,0
DA:54,1
DA:56,1
DA:59,0
DA:69,1
DA:71,1
DA:74,0
DA:87,1
DA:89,1
DA:92,0
DA:99,1
DA:101,1
DA:104,0
DA:111,1
DA:120,1
DA:121,1
DA:122,1
DA:123,1
DA:124,1
DA:125,1
DA:126,1
LF:33
LH:27
BRF:0
BRH:0
end_of_record
TN:
SF:src\components\ui\toaster.tsx
FN:11,Toaster
FN:16,(anonymous_2)
FNF:2
FNH:1
FNDA:8,Toaster
FNDA:0,(anonymous_2)
DA:1,1
DA:2,1
DA:11,1
DA:12,8
DA:14,8
DA:16,0
DA:17,0
LF:7
LH:5
BRDA:20,0,0,0
BRDA:20,0,1,0
BRDA:21,1,0,0
BRDA:21,1,1,0
BRF:4
BRH:0
end_of_record
TN:
SF:src\components\ui\tooltip.tsx
FN:15,(anonymous_7)
FNF:1
FNH:0
FNDA:0,(anonymous_7)
DA:1,1
DA:2,1
DA:4,1
DA:6,1
DA:8,1
DA:10,1
DA:12,1
DA:15,0
DA:26,1
DA:28,1
LF:10
LH:9
BRDA:15,0,0,0
BRF:1
BRH:0
end_of_record
TN:
SF:src\hooks\use-toast.ts
FN:27,genId
FN:58,(anonymous_8)
FN:63,(anonymous_9)
FN:74,(anonymous_10)
FN:85,(anonymous_11)
FN:98,(anonymous_12)
FN:105,(anonymous_13)
FN:124,(anonymous_14)
FN:133,dispatch
FN:135,(anonymous_16)
FN:142,toast
FN:145,(anonymous_18)
FN:150,(anonymous_19)
FN:158,(anonymous_20)
FN:171,useToast
FN:174,(anonymous_22)
FN:176,(anonymous_23)
FN:187,(anonymous_24)
FNF:18
FNH:3
FNDA:0,genId
FNDA:0,(anonymous_8)
FNDA:0,(anonymous_9)
FNDA:0,(anonymous_10)
FNDA:0,(anonymous_11)
FNDA:0,(anonymous_12)
FNDA:0,(anonymous_13)
FNDA:0,(anonymous_14)
FNDA:0,dispatch
FNDA:0,(anonymous_16)
FNDA:0,toast
FNDA:0,(anonymous_18)
FNDA:0,(anonymous_19)
FNDA:0,(anonymous_20)
FNDA:22,useToast
FNDA:21,(anonymous_22)
FNDA:21,(anonymous_23)
FNDA:0,(anonymous_24)
DA:1,1
DA:8,1
DA:9,1
DA:18,1
DA:25,1
DA:28,0
DA:29,0
DA:56,1
DA:58,1
DA:59,0
DA:60,0
DA:63,0
DA:64,0
DA:65,0
DA:71,0
DA:74,1
DA:75,0
DA:77,0
DA:83,0
DA:86,0
DA:91,0
DA:95,0
DA:96,0
DA:98,0
DA:99,0
DA:103,0
DA:106,0
DA:116,0
DA:117,0
DA:122,0
DA:124,0
DA:129,1
DA:131,1
DA:134,0
DA:135,0
DA:136,0
DA:142,0
DA:143,0
DA:145,0
DA:146,0
DA:150,0
DA:152,0
DA:159,0
DA:164,0
DA:172,22
DA:174,21
DA:175,21
DA:176,21
DA:177,21
DA:178,21
DA:179,21
DA:184,21
DA:187,0
DA:191,1
LF:54
LH:19
BRDA:59,0,0,0
BRDA:75,1,0,0
BRDA:75,1,1,0
BRDA:75,1,2,0
BRDA:75,1,3,0
BRDA:86,2,0,0
BRDA:86,2,1,0
BRDA:95,3,0,0
BRDA:95,3,1,0
BRDA:106,4,0,0
BRDA:106,4,1,0
BRDA:106,5,0,0
BRDA:106,5,1,0
BRDA:116,6,0,0
BRDA:159,7,0,0
BRDA:178,8,0,21
BRF:16
BRH:1
end_of_record
TN:
SF:src\lib\utils.ts
FN:4,cn
FNF:1
FNH:1
FNDA:304,cn
DA:1,1
DA:2,1
DA:4,1
DA:5,304
LF:4
LH:4
BRF:0
BRH:0
end_of_record
TN:
SF:src\pages\Dashboard.tsx
FN:9,Dashboard
FNF:1
FNH:1
FNDA:5,Dashboard
DA:2,1
DA:3,1
DA:4,1
DA:5,1
DA:6,1
DA:7,1
DA:9,1
DA:10,5
DA:28,1
LF:9
LH:9
BRF:0
BRH:0
end_of_record
TN:
SF:src\pages\Grades.tsx
FN:45,Grades
FN:102,(anonymous_1)
FNF:2
FNH:2
FNDA:1,Grades
FNDA:5,(anonymous_1)
DA:2,1
DA:3,1
DA:4,1
DA:5,1
DA:7,1
DA:45,1
DA:46,1
DA:103,5
DA:122,1
LF:9
LH:9
BRF:0
BRH:0
end_of_record
TN:
SF:src\pages\NotFound.tsx
FN:4,(anonymous_0)
FN:7,(anonymous_1)
FNF:2
FNH:0
FNDA:0,(anonymous_0)
FNDA:0,(anonymous_1)
DA:1,1
DA:2,1
DA:4,1
DA:5,0
DA:7,0
DA:8,0
DA:14,0
DA:27,1
LF:8
LH:4
BRF:0
BRH:0
end_of_record
TN:
SF:src\pages\Profile.tsx
FN:12,Profile
FNF:1
FNH:0
FNDA:0,Profile
DA:2,1
DA:3,1
DA:4,1
DA:5,1
DA:6,1
DA:7,1
DA:8,1
DA:9,1
DA:10,1
DA:12,1
DA:13,0
DA:176,1
LF:12
LH:11
BRF:0
BRH:0
end_of_record
TN:
SF:src\pages\Resources.tsx
FN:52,Resources
FN:127,(anonymous_1)
FNF:2
FNH:0
FNDA:0,Resources
FNDA:0,(anonymous_1)
DA:2,1
DA:3,1
DA:4,1
DA:5,1
DA:7,1
DA:9,1
DA:52,1
DA:53,0
DA:128,0
DA:168,1
LF:10
LH:8
BRDA:134,0,0,0
BRDA:134,0,1,0
BRDA:135,1,0,0
BRDA:135,1,1,0
BRDA:136,2,0,0
BRDA:136,2,1,0
BRF:6
BRH:0
end_of_record
TN:
SF:src\pages\Schedule.tsx
FN:7,Schedule
FNF:1
FNH:0
FNDA:0,Schedule
DA:2,1
DA:3,1
DA:4,1
DA:5,1
DA:7,1
DA:8,0
DA:118,1
LF:7
LH:6
BRF:0
BRH:0
end_of_record
TN:
SF:src\pages\Settings.tsx
FN:11,Settings
FN:18,(anonymous_1)
FN:84,(anonymous_2)
FNF:3
FNH:0
FNDA:0,Settings
FNDA:0,(anonymous_1)
FNDA:0,(anonymous_2)
DA:2,1
DA:3,1
DA:4,1
DA:5,1
DA:6,1
DA:7,1
DA:8,1
DA:9,1
DA:11,1
DA:12,0
DA:13,0
DA:14,0
DA:15,0
DA:16,0
DA:18,0
DA:19,0
DA:22,0
DA:84,0
DA:132,1
LF:19
LH:10
BRF:0
BRH:0
end_of_record
